"../../../Engine/Content/EngineFonts/Roboto.uasset" 0
"../../../Engine/Content/Functions/Engine_MaterialFunctions01/Shading/PowerToRoughness.uasset" 1
"../../../Engine/Content/Functions/Engine_MaterialFunctions01/Shading/ConvertFromDiffSpec.uasset" 2
"../../../Engine/Content/EngineMaterials/DefaultDiffuse.uasset" 3
"../../../Engine/Content/EngineMaterials/DefaultDeferredDecalMaterial.uasset" 4
"../../../Engine/Content/EngineMaterials/DefaultLightFunctionMaterial.uasset" 5
"../../../Engine/Content/Functions/Engine_MaterialFunctions02/Utility/BreakOutFloat2Components.uasset" 6
"../../../Engine/Content/EngineMaterials/DefaultPostProcessMaterial.uasset" 7
"../../../Engine/Content/EngineResources/DefaultTexture.uasset" 8
"../../../Engine/Content/Functions/Engine_MaterialFunctions01/Texturing/ScaleUVsByCenter.uasset" 9
"../../../Engine/Content/Functions/Engine_MaterialFunctions02/ScreenResolution.uasset" 10
"../../../Engine/Content/Functions/Engine_MaterialFunctions02/Texturing/ScreenAlignedUVs.uasset" 11
"../../../Engine/Content/EngineResources/WhiteSquareTexture.uasset" 12
"../../../Engine/Content/EngineMaterials/Widget3DPassThrough.uasset" 13
"../../../Engine/Content/EngineMaterials/Widget3DPassThrough_Translucent.uasset" 14
"../../../Engine/Content/EngineMaterials/Widget3DPassThrough_Translucent_OneSided.uasset" 15
"../../../Engine/Content/EngineMaterials/Widget3DPassThrough_Opaque.uasset" 16
"../../../Engine/Content/EngineMaterials/Widget3DPassThrough_Opaque_OneSided.uasset" 17
"../../../Engine/Content/EngineMaterials/Widget3DPassThrough_Masked.uasset" 18
"../../../Engine/Content/EngineMaterials/Widget3DPassThrough_Masked_OneSided.uasset" 19
"../../../Engine/Content/EditorResources/S_Actor.uasset" 20
"../../../Engine/Content/EngineResources/AICON-Red.uasset" 21
"../../../Engine/Content/EngineResources/AICON-Green.uasset" 22
"../../../Engine/Content/EditorMaterials/Camera/CineMat.uasset" 23
"../../../Engine/Content/EditorMaterials/Camera/MI_CineMat_Rig.uasset" 24
"../../../Engine/Content/EditorMeshes/Camera/SM_CraneRig_Base.uasset" 25
"../../../Engine/Content/EditorMeshes/Camera/SM_CraneRig_Arm.uasset" 26
"../../../Engine/Content/EditorMeshes/Camera/SM_CraneRig_Mount.uasset" 27
"../../../Engine/Content/EditorMeshes/Camera/SM_CraneRig_Body.uasset" 28
"../../../Engine/Content/EditorMeshes/Camera/SM_RailRig_Track.uasset" 29
"../../../Engine/Content/EditorMeshes/Camera/SM_RailRig_Mount.uasset" 30
"../../../Engine/Content/EditorMaterials/AssetViewer/EpicQuadPanorama_CC+EV1.uasset" 31
"../../../Engine/Content/EditorResources/RGBTable16x1_AssetViewer.uasset" 32
"../../../Engine/Content/Maps/Templates/Thumbnails/Default.uasset" 33
"../../../Engine/Content/Maps/Templates/Thumbnails/VR-Basic.uasset" 34
"../../../Engine/Content/EditorMaterials/ParticleSystems/PSysThumbnail_NoImage.uasset" 35
"../../../Engine/Content/EditorMaterials/ParticleSystems/PSysThumbnail_OOD.uasset" 36
"../../../Engine/Content/EditorLandscapeResources/DataLayer.uasset" 37
"../../../Engine/Content/EngineDamageTypes/DmgTypeBP_Environmental.uasset" 38
"../../../Engine/Content/EngineMeshes/Sphere.uasset" 39
"../../../Engine/Content/EngineFonts/RobotoDistanceField.uasset" 40
"../../../Engine/Content/EngineMaterials/DefaultTextMaterialOpaque.uasset" 41
"../../../Engine/Content/EditorResources/S_Trigger.uasset" 42
"../../../Engine/Content/EngineResources/GradientTexture0.uasset" 43
"../../../Engine/Content/EditorMaterials/MatineeGroups/MAT_Groups_Float.uasset" 44
"../../../Engine/Content/EditorMaterials/MatineeGroups/MAT_Groups_Director.uasset" 45
"../../../Engine/Content/EditorMaterials/MatineeGroups/MAT_Groups_Event.uasset" 46
"../../../Engine/Content/EditorMaterials/MatineeGroups/MAT_Groups_Anim.uasset" 47
"../../../Engine/Content/EditorMaterials/MatineeGroups/MAT_Groups_Fade.uasset" 48
"../../../Engine/Content/EditorMaterials/MatineeGroups/MAT_Groups_Move.uasset" 49
"../../../Engine/Content/EditorMaterials/MatineeGroups/MAT_Groups_Slomo.uasset" 50
"../../../Engine/Content/EditorMaterials/MatineeGroups/MAT_ColorTrack.uasset" 51
"../../../Engine/Content/EditorMaterials/MAT_Groups_Toggle.uasset" 52
"../../../Engine/Content/EditorMaterials/MatineeGroups/MAT_Groups_AudioMaster.uasset" 53
"../../../Engine/Content/EditorMaterials/MatineeGroups/MAT_Groups_Sound.uasset" 54
"../../../Engine/Content/EditorMaterials/MatineeGroups/MAT_Groups_Vector.uasset" 55
"../../../Engine/Content/EditorMaterials/MAT_Groups_Visibility.uasset" 56
"../../../Engine/Content/EngineResources/DefaultTextureCube.uasset" 57
"../../../Engine/Content/Functions/Engine_MaterialFunctions01/Opacity/CameraDepthFade.uasset" 58
"../../../Engine/Content/EngineMaterials/T_Default_Material_Grid_M.uasset" 59
"../../../Engine/Content/EngineMaterials/T_Default_Material_Grid_N.uasset" 60
"../../../Engine/Content/EngineMaterials/DefaultMaterial.uasset" 61
"../../../Engine/Content/EngineMeshes/Cylinder.uasset" 62
"../../../Engine/Content/EngineTireTypes/DefaultTireType.uasset" 63
"../../../Engine/Content/VREditor/LaserPointer/VR_LaserPower_01.uasset" 64
"../../../Engine/Content/VREditor/TransformGizmo/TransformGizmoMaterial.uasset" 65
"../../../Engine/Content/VREditor/TransformGizmo/TranslucentTransformGizmoMaterial.uasset" 66
"../../../Engine/Content/VREditor/TransformGizmo/UniformScaleHandle.uasset" 67
"../../../Engine/Content/VREditor/TransformGizmo/TranslateHandleLong.uasset" 68
"../../../Engine/Content/VREditor/TransformGizmo/PlaneTranslationHandle.uasset" 69
"../../../Engine/Content/VREditor/TransformGizmo/RotationHandleFull.uasset" 70
"../../../Engine/Content/VREditor/TransformGizmo/StretchingHandle.uasset" 71
"../../../Engine/Content/VREditor/TransformGizmo/BoundingBoxCorner.uasset" 72
"../../../Engine/Content/VREditor/TransformGizmo/BoundingBoxEdge.uasset" 73
"../../../Engine/Content/VREditor/UI/SelectionBarMesh.uasset" 74
"../../../Engine/Content/VREditor/UI/CloseButtonMesh.uasset" 75
"../../../Engine/Content/VREditor/FloatingText/LineMaterial.uasset" 76
"../../../Engine/Content/VREditor/FloatingText/LineSegmentCylinder.uasset" 77
"../../../Engine/Content/VREditor/FloatingText/JointSphere.uasset" 78
"../../../Engine/Content/VREditor/Fonts/VRText_RobotoLarge.uasset" 79
"../../../Engine/Content/VREditor/Fonts/VRTextMaterial.uasset" 80
"../../../Engine/Content/VREditor/Fonts/TranslucentVRTextMaterial.uasset" 81
"../../../Engine/Content/VREditor/TransformGizmo/TranslationHandle.uasset" 82
"../../../Engine/Content/VREditor/TransformGizmo/RotationHandle.uasset" 83
"../../../Engine/Content/VREditor/Devices/Generic/GenericHMDMaterial.uasset" 84
"../../../Engine/Content/VREditor/Devices/Generic/GenericHMD.uasset" 85
"../../../Engine/Content/Functions/Engine_MaterialFunctions01/Gradient/RadialGradient.uasset" 86
"../../../Engine/Content/EditorLandscapeResources/FlattenHeightMat.uasset" 87
"../../../Engine/Content/VREditor/WorldMovementGrid/PlaneMesh.uasset" 88
"../../../Engine/Content/VREditor/WorldMovementGrid/SimpleGrid.uasset" 89
"../../../Engine/Content/VREditor/WorldMovementGrid/GridMaterial.uasset" 90
"../../../Engine/Content/VREditor/LaserPointer/LaserPointerMaterial.uasset" 91
"../../../Engine/Content/VREditor/LaserPointer/LaserPointerMaterialInst.uasset" 92
"../../../Engine/Content/VREditor/LaserPointer/TranslucentLaserPointerMaterialInst.uasset" 93
"../../../Engine/Content/VREditor/LaserPointer/LaserPointerMesh.uasset" 94
"../../../Engine/Content/Functions/Engine_MaterialFunctions01/Density/ExponentialDensity.uasset" 95
"../../../Engine/Content/VREditor/WorldMovementGrid/GridPostProcess.uasset" 96
"../../../Engine/Content/VREditor/Sounds/VR_teleport_Cue.uasset" 97
"../../../Engine/Content/VREditor/Sounds/VR_grab_Cue.uasset" 98
"../../../Engine/Content/Tutorial/ContentIntroCurve.uasset" 99
"../../../Engine/Plugins/2D/Paper2D/Content/PlaceholderTextures/DummySpriteTexture.uasset" 100
"../../../Engine/Plugins/2D/Paper2D/Content/DefaultSpriteMaterial.uasset" 101
"../../../Engine/Plugins/2D/Paper2D/Content/MaskedUnlitSpriteMaterial.uasset" 102
"../../../Engine/Plugins/2D/Paper2D/Content/OpaqueUnlitSpriteMaterial.uasset" 103
"../../../Engine/Plugins/2D/Paper2D/Content/DummySprite.uasset" 104
"../../../Engine/Plugins/2D/Paper2D/Content/DefaultPaperTerrainMaterial.uasset" 105
"../../../Quack/Content/JUNK/lambert1.uasset" 106
"../../../Quack/Content/JUNK/Test2.uasset" 107
"../../../Quack/Content/FirstPerson/Textures/FirstPersonCrosshair.uasset" 108
"../../../Engine/Content/EngineMaterials/RemoveSurfaceMaterial.uasset" 109
"../../../Engine/Content/EngineDebugMaterials/DebugMeshMaterial.uasset" 110
"../../../Engine/Content/EngineMaterials/InvalidLightmapSettings.uasset" 111
"../../../Engine/Content/EngineMaterials/M_InvalidLightmapSettings.uasset" 112
"../../../Engine/Content/EditorMaterials/GizmoMaterial.uasset" 113
"../../../Engine/Content/EngineMaterials/PhAT_JointLimitMaterial.uasset" 114
"../../../Engine/Content/EngineMaterials/Good64x64TilingNoiseHighFreq.uasset" 115
"../../../Engine/Content/EngineMaterials/DefaultBokeh.uasset" 116
"../../../Engine/Content/EngineMaterials/PreintegratedSkinBRDF.uasset" 117
"../../../Engine/Content/EngineMaterials/MiniFont.uasset" 118
"../../../Engine/Content/EngineMaterials/WeightMapPlaceholderTexture.uasset" 119
"../../../Engine/Content/EngineMaterials/DefaultWhiteGrid.uasset" 120
"../../../Engine/Content/EngineMaterials/DefaultPhysicalMaterial.uasset" 121
"../../../Engine/Content/EngineFonts/RobotoTiny.uasset" 122
"../../../Engine/Content/EditorSounds/Notifications/CompileSuccess.uasset" 123
"../../../Engine/Content/EditorSounds/Notifications/CompileStart_Cue.uasset" 124
"../../../Engine/Content/EditorSounds/Notifications/CompileSuccess_Cue.uasset" 125
"../../../Engine/Content/EditorSounds/Notifications/CompileFailed.uasset" 126
"../../../Engine/Content/EditorSounds/Notifications/CompileFailed_Cue.uasset" 127
"../../../Engine/Content/EditorResources/AudioIcons/S_AudioComponent.uasset" 128
"../../../Engine/Content/EditorResources/AudioIcons/S_AudioComponent_AutoActivate.uasset" 129
"../../../Engine/Content/EditorResources/LightIcons/S_LightError.uasset" 130
"../../../Engine/Content/EditorResources/EmptyActor.uasset" 131
"../../../Engine/Content/MobileResources/HUD/MobileHUDButton2_on.uasset" 132
"../../../Engine/Content/MobileResources/HUD/MobileHUDButton3.uasset" 133
"../../../Engine/Content/MobileResources/HUD/T_Castle_ThumbstickOutter.uasset" 134
"../../../Engine/Content/MobileResources/HUD/MobileHUDDirectionStick.uasset" 135
"../../../Quack/Content/JUNK/lambert2.uasset" 136
"../../../Quack/Content/JUNK/Boss_Pipes.uasset" 137
"../../../Quack/Content/JUNK/initialShadingGroup1.uasset" 138
"../../../Quack/Content/JUNK/Boss_Room.uasset" 139
"../../../Quack/Content/AshModels/Check.uasset" 140
"../../../Quack/Content/AshModels/initialShadingGroup1.uasset" 141
"../../../Quack/Content/AshModels/lambert1.uasset" 142
"../../../Quack/Content/AshModels/lambert3.uasset" 143
"../../../Quack/Content/AshModels/lambert4.uasset" 144
"../../../Quack/Content/AshModels/lambert6.uasset" 145
"../../../Quack/Content/AshModels/Metal_Panel.uasset" 146
"../../../Quack/Content/AshModels/Boss_Room_New.uasset" 147
"../../../Engine/Content/EngineMaterials/WorldGridMaterial.uasset" 148
"../../../Quack/Content/AshModels/Full_Pipe.uasset" 149
"../../../Quack/Content/AshModels/Grated_Floor_Alpha.uasset" 150
"../../../Quack/Content/AshModels/Grated_Floor_Alpha_Mat.uasset" 151
"../../../Quack/Content/AshModels/Pipes.uasset" 152
"../../../Quack/Content/AshModels/Pipe_A.uasset" 153
"../../../Quack/Content/AshModels/Pipe_B.uasset" 154
"../../../Quack/Content/AshModels/Rocky_Floor.uasset" 155
"../../../Quack/Content/AshModels/Rocky_Floor__1_.uasset" 156
"../../../Quack/Content/Audio/Call_of_Duty_Zombies_-_Juggernog_Song_Cue.uasset" 157
"../../../Quack/Content/StarterContent/Textures/T_ground_Moss_D.uasset" 158
"../../../Quack/Content/StarterContent/Textures/T_Ground_Moss_N.uasset" 159
"../../../Quack/Content/StarterContent/Textures/T_MacroVariation.uasset" 160
"../../../Quack/Content/StarterContent/Textures/T_Perlin_Noise_M.uasset" 161
"../../../Quack/Content/StarterContent/Materials/M_Ground_Moss.uasset" 162
"../../../Quack/Content/StarterContent/Materials/M_Basic_Wall.uasset" 163
"../../../Quack/Content/StarterContent/Shapes/Shape_Sphere.uasset" 164
"../../../Quack/Content/BlueprintExtensions/BossSpitProjectile.uasset" 165
"../../../Quack/Content/Audio/PAYED_Music/BossIntro_Empty_Scream.uasset" 166
"../../../Quack/Content/Audio/PAYED_Music/BossLoop_Empty_Scream.uasset" 167
"../../../Quack/Content/Audio/PAYED_Music/Combat_Empty_Scream.uasset" 168
"../../../Quack/Content/Audio/PAYED_Music/Exploration_Boss_Scream.uasset" 169
"../../../Quack/Content/Audio/PAYED_Music/NearbyEnemies_Boss_Scream.uasset" 170
"../../../Quack/Content/Audio/PAYED_Music/Victory_Boss_Scream.uasset" 171
"../../../Quack/Content/BlueprintExtensions/BP_AudioManager.uasset" 172
"../../../Quack/Content/StarterContent/Textures/T_Door_M.uasset" 173
"../../../Quack/Content/StarterContent/Textures/T_Door_N.uasset" 174
"../../../Quack/Content/StarterContent/Props/Materials/M_Door.uasset" 175
"../../../Quack/Content/FirstPerson/FPWeapon/Mesh/GravGunWithBones_PhysicsAsset.uasset" 176
"../../../Quack/Content/FirstPerson/FPWeapon/Mesh/GravGunWithBones_Skeleton.uasset" 177
"../../../Quack/Content/FirstPerson/FPWeapon/Mesh/GravGunWithBones.uasset" 178
"../../../Quack/Content/BlueprintExtensions/BP_GunPickup.uasset" 179
"../../../Quack/Content/TEMPASSETS/elc004_white1__V.uasset" 180
"../../../Quack/Content/TEMPASSETS/elc004_white2__V.uasset" 181
"../../../Quack/Content/TEMPASSETS/lambert1.uasset" 182
"../../../Quack/Content/TEMPASSETS/Mat.uasset" 183
"../../../Quack/Content/TEMPASSETS/Mat_1.uasset" 184
"../../../Quack/Content/TEMPASSETS/Mat_10.uasset" 185
"../../../Quack/Content/TEMPASSETS/Mat_12.uasset" 186
"../../../Quack/Content/TEMPASSETS/Mat_13.uasset" 187
"../../../Quack/Content/TEMPASSETS/Mat_14.uasset" 188
"../../../Quack/Content/TEMPASSETS/Mat_15.uasset" 189
"../../../Quack/Content/TEMPASSETS/Mat_2.uasset" 190
"../../../Quack/Content/TEMPASSETS/Mat_3.uasset" 191
"../../../Quack/Content/TEMPASSETS/Mat_5.uasset" 192
"../../../Quack/Content/TEMPASSETS/Mat_6.uasset" 193
"../../../Quack/Content/TEMPASSETS/Metal_-_Aluminium.uasset" 194
"../../../Quack/Content/TEMPASSETS/Metal_-_Brass.uasset" 195
"../../../Quack/Content/TEMPASSETS/juggernaut.uasset" 196
"../../../Quack/Content/BlueprintExtensions/BP_HealthStation.uasset" 197
"../../../Quack/Content/KrisTutorialAssets/Door_albedo.uasset" 198
"../../../Quack/Content/KrisTutorialAssets/Door_EmMask.uasset" 199
"../../../Quack/Content/KrisTutorialAssets/Door_normal.uasset" 200
"../../../Quack/Content/KrisTutorialAssets/Door_roughness.uasset" 201
"../../../Quack/Content/KrisTutorialAssets/M_Door.uasset" 202
"../../../Quack/Content/StarterContent/Textures/T_Metal_Steel_D.uasset" 203
"../../../Quack/Content/StarterContent/Textures/T_Metal_Steel_N.uasset" 204
"../../../Quack/Content/StarterContent/Materials/M_Metal_Steel.uasset" 205
"../../../Quack/Content/KrisTutorialAssets/M_Door_Inst.uasset" 206
"../../../Quack/Content/KrisTutorialAssets/M_DoorLocked.uasset" 207
"../../../Quack/Content/KrisTutorialAssets/M_DoorLocked_Inst.uasset" 208
"../../../Quack/Content/TEMPASSETS/Door.uasset" 209
"../../../Quack/Content/TEMPASSETS/Doorframe.uasset" 210
"../../../Quack/Content/BlueprintExtensions/BP_MyLockableDoor.uasset" 211
"../../../Quack/Content/FirstPerson/Meshes/BaseMaterial.uasset" 212
"../../../Quack/Content/Geometry/Meshes/1M_Cube.uasset" 213
"../../../Quack/Content/BlueprintExtensions/BP_PickUpBase.uasset" 214
"../../../Quack/Content/BlueprintExtensions/BP_QuackHUDClass.uasset" 215
"../../../Quack/Content/StarterContent/Textures/T_Rock_Sandstone_D.uasset" 216
"../../../Quack/Content/StarterContent/Textures/T_Rock_Sandstone_N.uasset" 217
"../../../Quack/Content/StarterContent/Materials/M_Rock_Sandstone.uasset" 218
"../../../Engine/Content/Functions/Engine_MaterialFunctions02/Utility/BlendAngleCorrectedNormals.uasset" 219
"../../../Quack/Content/StarterContent/Textures/T_Metal_Rust_D.uasset" 220
"../../../Quack/Content/StarterContent/Textures/T_Metal_Rust_N.uasset" 221
"../../../Quack/Content/StarterContent/Materials/M_Metal_Rust.uasset" 222
"../../../Quack/Content/StarterContent/Materials/M_HeavyRock.uasset" 223
"../../../Quack/Content/StarterContent/Audio/Explosion_Cue.uasset" 224
"../../../Quack/Content/StarterContent/Textures/T_Burst_M.uasset" 225
"../../../Quack/Content/StarterContent/Particles/Materials/M_Burst.uasset" 226
"../../../Quack/Content/StarterContent/Textures/T_Explosion_SubUV.uasset" 227
"../../../Quack/Content/StarterContent/Particles/Materials/M_explosion_subUV.uasset" 228
"../../../Quack/Content/StarterContent/Particles/Materials/m_flare_01.uasset" 229
"../../../Quack/Content/StarterContent/Particles/Materials/M_radial_ramp.uasset" 230
"../../../Quack/Content/StarterContent/Textures/T_Smoke_SubUV.uasset" 231
"../../../Quack/Content/StarterContent/Textures/T_Smoke_Tiled_D.uasset" 232
"../../../Quack/Content/StarterContent/Particles/Materials/M_smoke_subUV.uasset" 233
"../../../Quack/Content/StarterContent/Particles/P_Explosion.uasset" 234
"../../../Quack/Content/StarterContent/Textures/T_Detail_Rocky_N.uasset" 235
"../../../Quack/Content/StarterContent/Textures/T_Rock_Basalt_D.uasset" 236
"../../../Quack/Content/StarterContent/Textures/T_RockMesh_M.uasset" 237
"../../../Quack/Content/StarterContent/Textures/T_RockMesh_N.uasset" 238
"../../../Quack/Content/StarterContent/Props/Materials/M_Rock.uasset" 239
"../../../Quack/Content/StarterContent/Props/SM_Rock.uasset" 240
"../../../Quack/Content/BlueprintExtensions/BP_Rock.uasset" 241
"../../../Quack/Content/BlueprintExtensions/BP_RockSpawner.uasset" 242
"../../../Quack/Content/BlueprintExtensions/BP_TutorialManager.uasset" 243
"../../../Quack/Content/FirstPerson/Meshes/FirstPersonProjectileMaterial.uasset" 244
"../../../Quack/Content/FirstPerson/Meshes/FirstPersonProjectileMesh.uasset" 245
"../../../Quack/Content/BlueprintExtensions/FirstPersonProjectile.uasset" 246
"../../../Quack/Content/BlueprintExtensions/GravGunForNiall.uasset" 247
"../../../Quack/Content/StarterContent/Textures/T_Chair_M.uasset" 248
"../../../Quack/Content/StarterContent/Textures/T_Chair_N.uasset" 249
"../../../Quack/Content/StarterContent/Props/Materials/M_Chair.uasset" 250
"../../../Quack/Content/StarterContent/Props/SM_Chair.uasset" 251
"../../../Quack/Content/BlueprintExtensions/MyTestActor.uasset" 252
"../../../Quack/Content/StarterContent/Props/MaterialSphere.uasset" 253
"../../../Quack/Content/BlueprintExtensions/SecondProjectile.uasset" 254
"../../../Quack/Content/BlueprintExtensions/SpawnPoints.uasset" 255
"../../../Quack/Content/BossHighPoly/Idle01_Skeleton.uasset" 256
"../../../Quack/Content/BossHighPoly/TongueStretch.uasset" 257
"../../../Quack/Content/BossHighPoly/TongueStretch_Montage.uasset" 258
"../../../Quack/Content/FirstPerson/Character/Mesh/SK_Mannequin_Arms_Skeleton.uasset" 259
"../../../Quack/Content/FirstPerson/Animations/FirstPerson_Fire.uasset" 260
"../../../Quack/Content/FirstPerson/Animations/FirstPersonFire_Montage.uasset" 261
"../../../Quack/Content/FirstPerson/Character/Textures/UE4_LOGO_CARD.uasset" 262
"../../../Quack/Content/FirstPerson/FPWeapon/Materials/MaterialLayers/ML_Plastic_Shiny_Beige_LOGO.uasset" 263
"../../../Quack/Content/FirstPerson/FPWeapon/Materials/MaterialLayers/T_ML_FineRubber.uasset" 264
"../../../Quack/Content/FirstPerson/FPWeapon/Mesh/SK_FPGun_PhysicsAsset.uasset" 265
"../../../Quack/Content/FirstPerson/Meshes/CubeMaterialOverride.uasset" 266
"../../../Quack/Content/HarrysModels/Guns_AmmoBelt/Ammo_Belt.uasset" 267
"../../../Quack/Content/BlueprintExtensions/BP_AmmoCrate.uasset" 268
"../../../Quack/Content/Materials/PoisonPanner/Slime_albedo.uasset" 269
"../../../Quack/Content/Materials/PoisonPanner/Slime_albedo_Mat.uasset" 270
"../../../Quack/Content/Materials/PoisonPanner/Slime_albedo_Mat_Inst.uasset" 271
"../../../Quack/Content/StarterContent/Textures/T_Metal_Aluminum_D.uasset" 272
"../../../Quack/Content/StarterContent/Textures/T_Metal_Gold_N.uasset" 273
"../../../Quack/Content/StarterContent/Materials/M_Metal_Burnished_Steel.uasset" 274
"../../../Quack/Content/Geometry/Meshes/FoodPipe/FoodPipe.uasset" 275
"../../../Quack/Content/Textures/poisontexture.uasset" 276
"../../../Quack/Content/JUNK/M_PoisonnedPipe.uasset" 277
"../../../Quack/Content/JUNK/M_PoisonnedPipe_Inst.uasset" 278
"../../../Quack/Content/Geometry/Meshes/FoodPipe/FoodPipeLiquid.uasset" 279
"../../../Quack/Content/BlueprintExtensions/BP_Pipe.uasset" 280
"../../../Quack/Content/Geometry/Meshes/CubeMaterial.uasset" 281
"../../../Quack/Content/Geometry/Meshes/1M_Cube_Chamfer.uasset" 282
"../../../Quack/Content/Geometry/Meshes/TemplateFloor.uasset" 283
"../../../Quack/Content/HarrysModels/BossArmour/BOssARmour.uasset" 284
"../../../Quack/Content/HarrysModels/BossArmour/Armour_Textures/lambert4_Opacity.uasset" 285
"../../../Quack/Content/HarrysModels/BossArmour/Armour_Textures/lambert5_Opacity.uasset" 286
"../../../Quack/Content/HarrysModels/BossArmour/Armour_Textures/lambert5_Base_Color.uasset" 287
"../../../Quack/Content/HarrysModels/BossArmour/Armour_Textures/lambert5_Emissive.uasset" 288
"../../../Quack/Content/HarrysModels/BossArmour/Armour_Textures/lambert5_Height.uasset" 289
"../../../Quack/Content/HarrysModels/BossArmour/Armour_Textures/lambert5_Metallic.uasset" 290
"../../../Quack/Content/HarrysModels/BossArmour/Armour_Textures/lambert5_Mixed_AO.uasset" 291
"../../../Quack/Content/HarrysModels/BossArmour/Armour_Textures/lambert5_Normal_DirectX.uasset" 292
"../../../Quack/Content/HarrysModels/BossArmour/Armour_Textures/lambert5_Roughness.uasset" 293
"../../../Quack/Content/HarrysModels/BossArmour/Armour_Textures/M_Armour_02.uasset" 294
"../../../Quack/Content/HarrysModels/BossArmour/Armour_Textures/M_PinInstance.uasset" 295
"../../../Quack/Content/HarrysModels/BossArmour/Armour_Textures/phong1_Opacity.uasset" 296
"../../../Quack/Content/HarrysModels/BossArmour/Cannon_Textures/lambert1_Normal_DirectX.uasset" 297
"../../../Quack/Content/HarrysModels/BossArmour/Cannon_Textures/rubber_Roughness.uasset" 298
"../../../Quack/Content/HarrysModels/Guns/Textures/AssaultRifle/blinn1_Base_Color.uasset" 299
"../../../Quack/Content/HarrysModels/Guns/Textures/AssaultRifle/blinn1_Emissive.uasset" 300
"../../../Quack/Content/HarrysModels/Guns/Textures/AssaultRifle/blinn1_Height.uasset" 301
"../../../Quack/Content/HarrysModels/Guns/Textures/AssaultRifle/blinn1_Metallic.uasset" 302
"../../../Quack/Content/HarrysModels/Guns/Textures/AssaultRifle/blinn1_Mixed_AO.uasset" 303
"../../../Quack/Content/HarrysModels/Guns/Textures/AssaultRifle/blinn1_Normal.uasset" 304
"../../../Quack/Content/HarrysModels/Guns/Textures/AssaultRifle/blinn1_Normal_DirectX.uasset" 305
"../../../Quack/Content/HarrysModels/Guns/Textures/AssaultRifle/blinn1_Opacity.uasset" 306
"../../../Quack/Content/HarrysModels/Guns/Textures/AssaultRifle/blinn1_Roughness.uasset" 307
"../../../Quack/Content/HarrysModels/Guns/Textures/AssaultRifle/M_AssaultRifle.uasset" 308
"../../../Quack/Content/HarrysModels/Guns/LowPoly/Assault_rifle.uasset" 309
"../../../Quack/Content/HarrysModels/Guns/LowPoly/Assault_Rifle__1_.uasset" 310
"../../../Quack/Content/HarrysModels/Guns/Textures/LaserRifle/blinn1_Base_Color.uasset" 311
"../../../Quack/Content/HarrysModels/Guns/Textures/LaserRifle/blinn1_Emissive.uasset" 312
"../../../Quack/Content/HarrysModels/Guns/Textures/LaserRifle/blinn1_Height.uasset" 313
"../../../Quack/Content/HarrysModels/Guns/Textures/LaserRifle/blinn1_Metallic.uasset" 314
"../../../Quack/Content/HarrysModels/Guns/Textures/LaserRifle/blinn1_Mixed_AO.uasset" 315
"../../../Quack/Content/HarrysModels/Guns/Textures/LaserRifle/blinn1_Normal.uasset" 316
"../../../Quack/Content/HarrysModels/Guns/Textures/LaserRifle/blinn1_Normal_DirectX.uasset" 317
"../../../Quack/Content/HarrysModels/Guns/Textures/LaserRifle/blinn1_Roughness.uasset" 318
"../../../Quack/Content/HarrysModels/Guns/Textures/LaserRifle/M_LaserRifle_01.uasset" 319
"../../../Quack/Content/HarrysModels/Guns/Textures/LaserRifle/blinn2_Base_Color.uasset" 320
"../../../Quack/Content/HarrysModels/Guns/Textures/LaserRifle/blinn2_Emissive.uasset" 321
"../../../Quack/Content/HarrysModels/Guns/Textures/LaserRifle/blinn2_Height.uasset" 322
"../../../Quack/Content/HarrysModels/Guns/Textures/LaserRifle/blinn2_Metallic.uasset" 323
"../../../Quack/Content/HarrysModels/Guns/Textures/LaserRifle/blinn2_Mixed_AO.uasset" 324
"../../../Quack/Content/HarrysModels/Guns/Textures/LaserRifle/blinn2_Normal.uasset" 325
"../../../Quack/Content/HarrysModels/Guns/Textures/LaserRifle/blinn2_Normal_DirectX.uasset" 326
"../../../Quack/Content/HarrysModels/Guns/Textures/LaserRifle/blinn2_Roughness.uasset" 327
"../../../Quack/Content/HarrysModels/Guns/Textures/LaserRifle/M_LaserRifle_02.uasset" 328
"../../../Quack/Content/HarrysModels/Guns/LowPoly/Laser_Rifle.uasset" 329
"../../../Quack/Content/HarrysModels/Guns/Textures/Needle/phongE2_Base_Color.uasset" 330
"../../../Quack/Content/HarrysModels/Guns/Textures/Needle/phongE2_Emissive.uasset" 331
"../../../Quack/Content/HarrysModels/Guns/Textures/Needle/phongE2_Height.uasset" 332
"../../../Quack/Content/HarrysModels/Guns/Textures/Needle/phongE2_Metallic.uasset" 333
"../../../Quack/Content/HarrysModels/Guns/Textures/Needle/phongE2_Mixed_AO.uasset" 334
"../../../Quack/Content/HarrysModels/Guns/Textures/Needle/phongE2_Normal_DirectX.uasset" 335
"../../../Quack/Content/HarrysModels/Guns/Textures/Needle/phongE2_Opacity.uasset" 336
"../../../Quack/Content/HarrysModels/Guns/Textures/Needle/phongE2_Roughness.uasset" 337
"../../../Quack/Content/HarrysModels/Guns/Textures/Needle/M_Needle_New.uasset" 338
"../../../Quack/Content/HarrysModels/Guns/LowPoly/Needle.uasset" 339
"../../../Engine/Content/MobileResources/HUD/MobileHUDDirectionPad2.uasset" 340
"../../../Quack/Content/HarrysModels/Guns/Textures/Needle/NeedleFail/phongE2SG_Base_Color.uasset" 341
"../../../Quack/Content/HarrysModels/Guns/Textures/Needle/NeedleFail/phongE2SG_Emissive.uasset" 342
"../../../Quack/Content/HarrysModels/Guns/Textures/Needle/NeedleFail/phongE2SG_Height.uasset" 343
"../../../Quack/Content/HarrysModels/Guns/Textures/Needle/NeedleFail/phongE2SG_Metallic.uasset" 344
"../../../Quack/Content/HarrysModels/Guns/Textures/Needle/NeedleFail/phongE2SG_Mixed_AO.uasset" 345
"../../../Quack/Content/HarrysModels/Guns/Textures/Needle/NeedleFail/phongE2SG_Normal.uasset" 346
"../../../Quack/Content/HarrysModels/Guns/Textures/Needle/NeedleFail/phongE2SG_Normal_DirectX.uasset" 347
"../../../Quack/Content/HarrysModels/Guns/Textures/Needle/NeedleFail/phongE2SG_Opacity.uasset" 348
"../../../Quack/Content/HarrysModels/Guns/Textures/Needle/NeedleFail/phongE2SG_Roughness.uasset" 349
"../../../Quack/Content/HarrysModels/Guns/Textures/Needle/NeedleFail/M_Needle.uasset" 350
"../../../Quack/Content/HarrysModels/Guns_AmmoBelt/blinn10.uasset" 351
"../../../Quack/Content/HarrysModels/Guns_AmmoBelt/blinn11.uasset" 352
"../../../Quack/Content/HarrysModels/Guns_AmmoBelt/blinn12.uasset" 353
"../../../Quack/Content/HarrysModels/Guns_AmmoBelt/blinn13.uasset" 354
"../../../Quack/Content/HarrysModels/Guns_AmmoBelt/blinn14.uasset" 355
"../../../Quack/Content/HarrysModels/Guns_AmmoBelt/blinn15.uasset" 356
"../../../Quack/Content/HarrysModels/Guns_AmmoBelt/blinn16.uasset" 357
"../../../Quack/Content/HarrysModels/Guns_AmmoBelt/blinn17.uasset" 358
"../../../Quack/Content/HarrysModels/Guns_AmmoBelt/blinn18.uasset" 359
"../../../Quack/Content/HarrysModels/Guns_AmmoBelt/blinn19.uasset" 360
"../../../Quack/Content/HarrysModels/Guns_AmmoBelt/blinn20.uasset" 361
"../../../Quack/Content/HarrysModels/Guns_AmmoBelt/blinn5.uasset" 362
"../../../Quack/Content/HarrysModels/Guns_AmmoBelt/blinn7.uasset" 363
"../../../Quack/Content/HarrysModels/Guns_AmmoBelt/blinn8.uasset" 364
"../../../Quack/Content/HarrysModels/Guns_AmmoBelt/blinn9.uasset" 365
"../../../Quack/Content/HarrysModels/Guns_AmmoBelt/2_high.uasset" 366
"../../../Engine/Content/BasicShapes/Cone.uasset" 367
"../../../Engine/Content/BasicShapes/Cylinder.uasset" 368
"../../../Engine/Content/EditorMaterials/PreviewShadowIndicator.uasset" 369
"../../../Engine/Content/EditorMaterials/PreviewShadowIndicatorMaterial.uasset" 370
"../../../Engine/Content/EditorResources/BSPVertex.uasset" 371
"../../../Engine/Content/EngineDebugMaterials/HeatmapGradient.uasset" 372
"../../../Engine/Content/EngineDebugMaterials/BoneWeightMaterial.uasset" 373
"../../../Engine/Content/EngineDebugMaterials/GeomMaterial.uasset" 374
"../../../Engine/Content/EngineMaterials/EditorBrushMaterial.uasset" 375
"../../../Engine/Content/EngineMeshes/Cube.uasset" 376
"../../../Engine/Content/MobileResources/T_MobileControls_texture.uasset" 377
"../../../Engine/Content/MobileResources/T_MobileMenu2.uasset" 378
"../../../Engine/Content/MobileResources/HUD/AnalogHat.uasset" 379
"../../../Engine/Content/MobileResources/HUD/VirtualJoystick_Background.uasset" 380
"../../../Engine/Content/MobileResources/HUD/VirtualJoystick_Thumb.uasset" 381
"../../../Engine/Content/MobileResources/HUD/DefaultVirtualJoysticks.uasset" 382
"../../../Engine/Content/MobileResources/HUD/LeftVirtualJoystickOnly.uasset" 383
"../../../Engine/Content/MobileResources/HUD/MobileHUDButton1_off.uasset" 384
"../../../Engine/Content/MobileResources/HUD/MobileHUDButton1_on.uasset" 385
"../../../Engine/Content/MobileResources/HUD/MobileHUDButton2_off.uasset" 386
"../../../Engine/Content/MobileResources/HUD/MobileHUDButtonFire.uasset" 387
"../../../Engine/Content/MobileResources/HUD/MobileHUDDirectionPad.uasset" 388
"../../../Engine/Content/MobileResources/HUD/MobileHUDDirectionPad3.uasset" 389
"../../../Engine/Content/MobileResources/HUD/T_Castle_ThumbstickInner.uasset" 390
"../../../Engine/Content/Tutorial/Basics/TutorialAssets/icon_tab_Levels_40x.uasset" 391
"../../../Engine/Content/Tutorial/BlueprintTutorials/TutorialAssets/BlueprintInterface_64x.uasset" 392
"../../../Engine/Content/Tutorial/BlueprintTutorials/TutorialAssets/BlueprintMacroLibrary_64x.uasset" 393
"../../../Engine/Content/Tutorial/BlueprintTutorials/TutorialAssets/Blueprint_64x.uasset" 394
"../../../Engine/Content/Tutorial/BlueprintTutorials/TutorialAssets/Tutorial_BP_Interface.uasset" 395
"../../../Engine/Content/Tutorial/Foliage/TutorialAssets/Foliage.uasset" 396
"../../../Engine/Content/Tutorial/Landscape/TutorialAssets/Landscape.uasset" 397
"../../../Engine/Content/Tutorial/Paper2D/TutorialAssets/Paper2DFlipbook_TutorialIcon.uasset" 398
"../../../Engine/Content/Tutorial/Paper2D/TutorialAssets/Paper2DSprite_TutorialIcon.uasset" 399
"../../../Engine/Content/Tutorial/SubEditors/TutorialAssets/icon_Editor_Preferences_General_40x.uasset" 400
"../../../Engine/Content/Tutorial/SubEditors/TutorialAssets/icon_ShowSkeletalMeshes_40x.uasset" 401
"../../../Engine/Content/Tutorial/SubEditors/TutorialAssets/TutorialMaterial.uasset" 402
"../../../Engine/Content/Tutorial/SubEditors/TutorialAssets/T_SmokeSubUV_8X8.uasset" 403
"../../../Engine/Content/Tutorial/SubEditors/TutorialAssets/T_soft_smoke.uasset" 404
"../../../Engine/Content/Tutorial/SubEditors/TutorialAssets/M_smoke_subUV_blackbody.uasset" 405
"../../../Engine/Content/Tutorial/SubEditors/TutorialAssets/TutorialParticleSystem.uasset" 406
"../../../Engine/Content/EditorMeshes/EditorCube.uasset" 407
"../../../Engine/Content/Tutorial/SubEditors/TutorialAssets/Tutorial_DM.uasset" 408
"../../../Quack/Content/HarrysModels/Hands/lambert3.uasset" 409
"../../../Quack/Content/HarrysModels/Hands/Hands.uasset" 410
"../../../Quack/Content/HarrysModels/LowPolyBaseMan/lambert3.uasset" 411
"../../../Quack/Content/HarrysModels/LowPolyBaseMan/Low_Poly_Baseman.uasset" 412
"../../../Quack/Content/InfinityBladeAdversaries/Enemy/Enemy_Bear/Bear_Export_Skeleton.uasset" 413
"../../../Quack/Content/InfinityBladeAdversaries/Enemy/Enemy_Bear/Enemy_Bear_Animations/ExoGame_Bears_Attack_Death_2.uasset" 414
"../../../Quack/Content/InfinityBladeAdversaries/Enemy/Enemy_Bear/Enemy_Bear_Animations/ExoGame_Bears_React_Light_Front.uasset" 415
"../../../Quack/Content/InfinityBladeAdversaries/Enemy/Enemy_Bear/Enemy_Bear_Animations/ExoGame_Bears_Walk_Backward.uasset" 416
"../../../Quack/Content/InfinityBladeAdversaries/Enemy/Enemy_Bear/Textures/T_Enemy_Bear_D.uasset" 417
"../../../Quack/Content/InfinityBladeAdversaries/Enemy/Enemy_Bear/Textures/T_Enemy_Bear_M.uasset" 418
"../../../Quack/Content/InfinityBladeAdversaries/Enemy/Enemy_Bear/Textures/T_Enemy_Bear_N.uasset" 419
"../../../Quack/Content/InfinityBladeAdversaries/Enemy/Enemy_Bear/Materials/M_Bear_Master.uasset" 420
"../../../Quack/Content/InfinityBladeAdversaries/Enemy/Enemy_Bear/Textures/T_Enemy_Polar_Bear_D.uasset" 421
"../../../Quack/Content/InfinityBladeAdversaries/Enemy/Enemy_Bear/Textures/T_Enemy_Polar_Bear_M.uasset" 422
"../../../Quack/Content/InfinityBladeAdversaries/Enemy/Enemy_Bear/Materials/M_Bear_Polar_Inst.uasset" 423
"../../../Quack/Content/InfinityBladeAdversaries/Enemy/Enemy_Bear/Textures/T_Impossibear_D.uasset" 424
"../../../Quack/Content/InfinityBladeAdversaries/Enemy/Enemy_Bear/Textures/T_Impossibear_N.uasset" 425
"../../../Engine/Content/EngineMeshes/Humanoid.uasset" 426
"../../../Quack/Content/InfinityBladeAdversaries/Enemy/Enemy_Gruntling/Textures/T_Gruntling_Emissive.uasset" 427
"../../../Quack/Content/InfinityBladeAdversaries/Enemy/Enemy_Gruntling/Textures/T_Gruntling_M.uasset" 428
"../../../Quack/Content/InfinityBladeAdversaries/Enemy/Enemy_Gruntling_Guardian/Textures/T_Gruntling_Guardian_N.uasset" 429
"../../../Quack/Content/InfinityBladeAdversaries/Enemy/Enemy_Gruntling_Guardian/Textures/T_Gruntling_Guardian_D.uasset" 430
"../../../Quack/Content/InfinityBladeAdversaries/Enemy/Enemy_Gruntling/Materials/CharM_Gruntling.uasset" 431
"../../../Quack/Content/InfinityBladeAdversaries/Enemy/Enemy_Gruntling/SK_Exodus_Gruntling_PhysicsAsset.uasset" 432
"../../../Quack/Content/InfinityBladeAdversaries/Enemy/Enemy_Gruntling/SK_Exodus_Gruntling.uasset" 433
"../../../Quack/Content/InfinityBladeAdversaries/Enemy/Enemy_Gruntling/SK_Exodus_Gruntling_Skeleton.uasset" 434
"../../../Quack/Content/InfinityBladeAdversaries/Enemy/Enemy_Gruntling/Enemy_Gruntling_Animation/ExoGame_Gruntling_Death.uasset" 435
"../../../Quack/Content/InfinityBladeAdversaries/Enemy/Enemy_Gruntling/Enemy_Gruntling_Animation/ExoGame_Gruntling_Death_Small.uasset" 436
"../../../Quack/Content/InfinityBladeAdversaries/Enemy/Enemy_Gruntling/Enemy_Gruntling_Animation/ExoGame_Gruntling_Death_Small_03.uasset" 437
"../../../Quack/Content/InfinityBladeAdversaries/Enemy/Enemy_Gruntling/Enemy_Gruntling_Animation/ExoGame_Gruntling_Death_Small_04.uasset" 438
"../../../Quack/Content/InfinityBladeAdversaries/Enemy/Enemy_Gruntling/Enemy_Gruntling_Animation/ExoGame_Gruntling_Death_Small_05.uasset" 439
"../../../Quack/Content/InfinityBladeAdversaries/Enemy/Enemy_Gruntling/Enemy_Gruntling_Animation/ExoGame_Gruntling_Death_Small_Alt.uasset" 440
"../../../Quack/Content/InfinityBladeAdversaries/Enemy/Enemy_Gruntling/Enemy_Gruntling_Animation/ExoGame_Gruntling_Falling.uasset" 441
"../../../Quack/Content/InfinityBladeAdversaries/Enemy/Enemy_Gruntling/Enemy_Gruntling_Animation/ExoGame_Gruntling_Intro_ClimbingUp.uasset" 442
"../../../Quack/Content/InfinityBladeAdversaries/Enemy/Enemy_Gruntling/Enemy_Gruntling_Animation/ExoGame_Gruntling_Intro_DropDown.uasset" 443
"../../../Quack/Content/InfinityBladeAdversaries/Enemy/Enemy_Gruntling/Enemy_Gruntling_Animation/ExoGame_Gruntling_Intro_Summon.uasset" 444
"../../../Quack/Content/InfinityBladeAdversaries/Enemy/Enemy_Gruntling/Enemy_Gruntling_Animation/ExoGame_Gruntling_React_Heavy_Front.uasset" 445
"../../../Quack/Content/InfinityBladeAdversaries/Enemy/Enemy_Gruntling/Enemy_Gruntling_Animation/ExoGame_Gruntling_React_Knockback_Front.uasset" 446
"../../../Quack/Content/InfinityBladeAdversaries/Enemy/Enemy_Gruntling/Enemy_Gruntling_Animation/ExoGame_Gruntling_React_Light_Front.uasset" 447
"../../../Quack/Content/InfinityBladeAdversaries/Enemy/Enemy_Gruntling/Enemy_Gruntling_Animation/ExoGame_Gruntling_React_Light_Front_Alt.uasset" 448
"../../../Quack/Content/InfinityBladeAdversaries/Enemy/Enemy_Gruntling/Enemy_Gruntling_Animation/ExoGame_Gruntling_React_Stunned_Enter.uasset" 449
"../../../Quack/Content/InfinityBladeAdversaries/Enemy/Enemy_Gruntling/Enemy_Gruntling_Animation/ExoGame_Gruntling_React_Stunned_Exit.uasset" 450
"../../../Quack/Content/InfinityBladeAdversaries/Enemy/Enemy_Gruntling/Enemy_Gruntling_Animation/ExoGame_Gruntling_React_Stunned_Idle.uasset" 451
"../../../Quack/Content/InfinityBladeAdversaries/Enemy/Enemy_Gruntling/Enemy_Gruntling_Animation/ExoGame_Gruntling_Run.uasset" 452
"../../../Quack/Content/InfinityBladeAdversaries/Enemy/Enemy_Gruntling/Enemy_Gruntling_Animation/ExoGame_Gruntling_Run_Bwd.uasset" 453
"../../../Quack/Content/InfinityBladeAdversaries/Enemy/Enemy_Gruntling/Enemy_Gruntling_Animation/ExoGame_Gruntling_Walk.uasset" 454
"../../../Quack/Content/InfinityBladeAdversaries/Enemy/Enemy_Gruntling/Enemy_Gruntling_Animation/ExoGame_Gruntling_Walk_Bwd.uasset" 455
"../../../Quack/Content/InfinityBladeAdversaries/Enemy/Enemy_Gruntling/Enemy_Gruntling_Animation/ExoGame_Gruntling_Walk_Left.uasset" 456
"../../../Quack/Content/InfinityBladeAdversaries/Enemy/Enemy_Gruntling/Enemy_Gruntling_Animation/ExoGame_Gruntling_Walk_Right.uasset" 457
"../../../Quack/Content/InfinityBladeAdversaries/Enemy/Enemy_Gruntling/Textures/T_Gruntling_D.uasset" 458
"../../../Quack/Content/JUNK/Cylinder_Brush_StaticMesh.uasset" 459
"../../../Quack/Content/JUNK/FoodPipeLiquidDemo01.uasset" 460
"../../../Quack/Content/JUNK/Group40720Mat.uasset" 461
"../../../Quack/Content/JUNK/Low-Poly.uasset" 462
"../../../Quack/Content/JUNK/Pillar1.uasset" 463
"../../../Quack/Content/JUNK/Pillar2.uasset" 464
"../../../Quack/Content/JUNK/Poisoned_Tube.uasset" 465
"../../../Engine/Content/Functions/MaterialLayerFunctions/MatLayerBlend_NormalBlend.uasset" 466
"../../../Engine/Content/Functions/MaterialLayerFunctions/MatLayerBlend_Simple.uasset" 467
"../../../Quack/Content/FirstPerson/FPWeapon/Materials/MaterialLayers/T_ML_Rubber_Blue_01_D.uasset" 468
"../../../Quack/Content/FirstPerson/FPWeapon/Materials/MaterialLayers/T_ML_Rubber_Blue_01_N.uasset" 469
"../../../Quack/Content/FirstPerson/FPWeapon/Materials/MaterialLayers/ML_GlossyBlack_Latex_UE4.uasset" 470
"../../../Quack/Content/FirstPerson/FPWeapon/Materials/MaterialLayers/ML_Plastic_Shiny_Beige.uasset" 471
"../../../Quack/Content/FirstPerson/FPWeapon/Materials/MaterialLayers/ML_Screen.uasset" 472
"../../../Quack/Content/FirstPerson/FPWeapon/Materials/MaterialLayers/T_ML_Aluminum01.uasset" 473
"../../../Quack/Content/FirstPerson/FPWeapon/Materials/MaterialLayers/T_ML_Aluminum01_N.uasset" 474
"../../../Quack/Content/FirstPerson/FPWeapon/Materials/MaterialLayers/ML_SoftMetal_UE4.uasset" 475
"../../../Quack/Content/FirstPerson/FPWeapon/Textures/T_FPGun_M.uasset" 476
"../../../Quack/Content/FirstPerson/FPWeapon/Textures/T_FPGun_N.uasset" 477
"../../../Quack/Content/FirstPerson/FPWeapon/Materials/M_FPGun.uasset" 478
"../../../Quack/Content/FirstPerson/FPWeapon/Mesh/SK_FPGun_Skeleton.uasset" 479
"../../../Quack/Content/FirstPerson/FPWeapon/Mesh/SK_FPGun.uasset" 480
"../../../Quack/Content/JUNK/AITest/Guard.uasset" 481
"../../../Quack/Content/JUNK/AITest/GuardBB.uasset" 482
"../../../Quack/Content/JUNK/AITest/GuardBT.uasset" 483
"../../../Quack/Content/JUNK/AITest/GuardController.uasset" 484
"../../../Quack/Content/JUNK/LordQuack/LordQuack_Idle01_Skeleton.uasset" 485
"../../../Quack/Content/JUNK/LordQuack/LordQuack_Idle01_Anim.uasset" 486
"../../../Quack/Content/JUNK/LordQuack/LordQuack_Spit01_Anim.uasset" 487
"../../../Quack/Content/JUNK/LordQuack/LordQuack_Strike_Anim.uasset" 488
"../../../Quack/Content/JUNK/LordQuack/LordQuack_AnimBP.uasset" 489
"../../../Quack/Content/KrisTutorialAssets/Console/StaticMask_A.uasset" 490
"../../../Quack/Content/KrisTutorialAssets/Console/TextMasks/TMask_Default.uasset" 491
"../../../Quack/Content/KrisTutorialAssets/Console/M_Console.uasset" 492
"../../../Quack/Content/KrisTutorialAssets/Console/Frame_albedo.uasset" 493
"../../../Quack/Content/KrisTutorialAssets/Console/Frame_metallic.uasset" 494
"../../../Quack/Content/KrisTutorialAssets/Console/Frame_normal.uasset" 495
"../../../Quack/Content/KrisTutorialAssets/Console/Frame_roughness.uasset" 496
"../../../Quack/Content/KrisTutorialAssets/Console/M_Frame.uasset" 497
"../../../Quack/Content/KrisTutorialAssets/Console/ConsoleFrame.uasset" 498
"../../../Quack/Content/KrisTutorialAssets/Console/TextMasks/TMask_Basic.uasset" 499
"../../../Quack/Content/KrisTutorialAssets/Console/M_Console_Inst_Basic.uasset" 500
"../../../Quack/Content/KrisTutorialAssets/Console/TextMasks/TMask_GravGun.uasset" 501
"../../../Quack/Content/KrisTutorialAssets/Console/M_Console_Inst_Grav.uasset" 502
"../../../Quack/Content/KrisTutorialAssets/Console/TextMasks/TMask_Poison.uasset" 503
"../../../Quack/Content/KrisTutorialAssets/Console/M_Console_Inst_Poison.uasset" 504
"../../../Quack/Content/LaserBeamNiall/BaseBeam.uasset" 505
"../../../Quack/Content/LaserBeamNiall/BeamPulse.uasset" 506
"../../../Quack/Content/LaserBeamNiall/M_Niall_Laser.uasset" 507
"../../../Quack/Content/Materials/RockCeiling_Material/LayeredRock_normal.uasset" 508
"../../../Quack/Content/StarterContent/Textures/T_Rock_Slate_D.uasset" 509
"../../../Quack/Content/Materials/M_Rock_Slate_COPY.uasset" 510
"../../../Quack/Content/Materials/MetalPanel_From_Ash/Metal_Panel_Albedo.uasset" 511
"../../../Quack/Content/Materials/MetalPanel_From_Ash/Metal_Panel_Metalness.uasset" 512
"../../../Quack/Content/Materials/MetalPanel_From_Ash/Metal_Panel_Normal.uasset" 513
"../../../Quack/Content/Materials/MetalPanel_From_Ash/Metal_Panel_Roughness.uasset" 514
"../../../Quack/Content/Materials/MetalPanel_From_Ash/Metal_Panel.uasset" 515
"../../../Quack/Content/Materials/MetalPanel_From_Ash/Metal_Panel_Albedo_Mat.uasset" 516
"../../../Quack/Content/Materials/RockCeiling_Material/JaggedRock_metallic.uasset" 517
"../../../Quack/Content/Materials/RockCeiling_Material/LayeredRock_metallic.uasset" 518
"../../../Quack/Content/Materials/RockCeiling_Material/JaggedRock_albedo.uasset" 519
"../../../Quack/Content/Materials/RockCeiling_Material/JaggedRock_normal.uasset" 520
"../../../Quack/Content/Materials/RockCeiling_Material/JaggedRock_roughness.uasset" 521
"../../../Quack/Content/Materials/RockCeiling_Material/LayeredRock_albedo.uasset" 522
"../../../Quack/Content/Materials/RockCeiling_Material/LayeredRock_roughness.uasset" 523
"../../../Quack/Content/Materials/RockCeiling_Material/M_CaveCeiling.uasset" 524
"../../../Quack/Content/Materials/RockFloor_Material/RockFloor_albedo.uasset" 525
"../../../Quack/Content/Materials/RockFloor_Material/RockFloor_normal.uasset" 526
"../../../Quack/Content/Materials/RockFloor_Material/RockFloor_roughness.uasset" 527
"../../../Quack/Content/Materials/RockFloor_Material/M_RockFloor.uasset" 528
"../../../Quack/Content/KrisTutorialAssets/Room1_albedo.uasset" 529
"../../../Quack/Content/KrisTutorialAssets/Room1_metallic.uasset" 530
"../../../Quack/Content/KrisTutorialAssets/Room1_normal.uasset" 531
"../../../Quack/Content/KrisTutorialAssets/Room1_roughness.uasset" 532
"../../../Quack/Content/KrisTutorialAssets/M_Room.uasset" 533
"../../../Quack/Content/ModularAssets/Corner.uasset" 534
"../../../Quack/Content/ModularAssets/DivideA.uasset" 535
"../../../Quack/Content/ModularAssets/DoorFrame.uasset" 536
"../../../Quack/Content/ModularAssets/WallA.uasset" 537
"../../../Quack/Content/Monsters/Enemy_Clot_Worm/SK_Enemy_Clot_Worm_Skeleton.uasset" 538
"../../../Quack/Content/Monsters/Enemy_Clot_Worm/ExoGame_Baby_Clot_Worm_Idle.uasset" 539
"../../../Quack/Content/Monsters/Enemy_Clot_Worm/ExoGame_Baby_Clot_Worm_React_Heavy.uasset" 540
"../../../Quack/Content/Monsters/Enemy_Clot_Worm/ExoGame_Baby_Clot_Worm_React_Light_Front.uasset" 541
"../../../Quack/Content/Monsters/Enemy_Clot_Worm/ExoGame_Baby_Clot_Worm_React_Light_Front2.uasset" 542
"../../../Quack/Content/Monsters/Enemy_Clot_Worm/ExoGame_Baby_Clot_Worm_Slither_Backwards.uasset" 543
"../../../Quack/Content/Monsters/Enemy_Clot_Worm/ExoGame_Baby_Clot_Worm_Slither_Foreward.uasset" 544
"../../../Quack/Content/Monsters/Enemy_Clot_Worm/ExoGame_Baby_Clot_Worm_Slither_Left.uasset" 545
"../../../Quack/Content/Monsters/Enemy_Clot_Worm/ExoGame_Baby_Clot_Worm_Slither_Right.uasset" 546
"../../../Quack/Content/Monsters/Enemy_Clot_Worm/ExoGame_Clot_Worm_Death_1.uasset" 547
"../../../Quack/Content/Monsters/Enemy_Clot_Worm/ExoGame_Clot_Worm_React_Heavy_Front.uasset" 548
"../../../Quack/Content/Monsters/Enemy_Clot_Worm/ExoGame_Clot_Worm_React_KnockBack_Front.uasset" 549
"../../../Quack/Content/Monsters/Enemy_Clot_Worm/ExoGame_Clot_Worm_Slither_Backward.uasset" 550
"../../../Quack/Content/Monsters/Enemy_Clot_Worm/ExoGame_Clot_Worm_Slither_Left.uasset" 551
"../../../Quack/Content/Monsters/Enemy_Clot_Worm/ExoGame_Clot_Worm_Slither_Right.uasset" 552
"../../../Quack/Content/Monsters/Enemy_Clot_Worm/ExoGame_Clot_Worm_Turn_Left90.uasset" 553
"../../../Quack/Content/Monsters/Enemy_Clot_Worm/ExoGame_Clot_Worm_Turn_Right90.uasset" 554
"../../../Quack/Content/Monsters/Enemy_Clot_Worm/SK_Enemy_Clot_Worm_Physics.uasset" 555
"../../../Quack/Content/InfinityBladeAdversaries/Enemy/Enemy_Clot_Worm/SK_Enemy_Clot_Worm_Skeleton.uasset" 556
"../../../Quack/Content/Monsters/Enemy_Clot_Worm/Enemy_Clot_Worm_Animation/ExoGame_Baby_Clot_Worm_Idle.uasset" 557
"../../../Quack/Content/Monsters/Enemy_Clot_Worm/Enemy_Clot_Worm_Animation/ExoGame_Baby_Clot_Worm_React_Heavy.uasset" 558
"../../../Quack/Content/Monsters/Enemy_Clot_Worm/Enemy_Clot_Worm_Animation/ExoGame_Baby_Clot_Worm_React_Light_Front.uasset" 559
"../../../Quack/Content/Monsters/Enemy_Clot_Worm/Enemy_Clot_Worm_Animation/ExoGame_Baby_Clot_Worm_React_Light_Front2.uasset" 560
"../../../Quack/Content/Monsters/Enemy_Clot_Worm/Enemy_Clot_Worm_Animation/ExoGame_Baby_Clot_Worm_Slither_Backwards.uasset" 561
"../../../Quack/Content/Monsters/Enemy_Clot_Worm/Enemy_Clot_Worm_Animation/ExoGame_Baby_Clot_Worm_Slither_Foreward.uasset" 562
"../../../Quack/Content/Monsters/Enemy_Clot_Worm/Enemy_Clot_Worm_Animation/ExoGame_Baby_Clot_Worm_Slither_Left.uasset" 563
"../../../Quack/Content/Monsters/Enemy_Clot_Worm/Enemy_Clot_Worm_Animation/ExoGame_Baby_Clot_Worm_Slither_Right.uasset" 564
"../../../Quack/Content/Monsters/Enemy_Clot_Worm/Enemy_Clot_Worm_Animation/ExoGame_Clot_Worm_Death_1.uasset" 565
"../../../Quack/Content/Monsters/Enemy_Clot_Worm/Enemy_Clot_Worm_Animation/ExoGame_Clot_Worm_Idle_1.uasset" 566
"../../../Quack/Content/Monsters/Enemy_Clot_Worm/Enemy_Clot_Worm_Animation/ExoGame_Clot_Worm_React_Heavy_Front.uasset" 567
"../../../Quack/Content/Monsters/Enemy_Clot_Worm/Enemy_Clot_Worm_Animation/ExoGame_Clot_Worm_React_KnockBack_Front.uasset" 568
"../../../Quack/Content/Monsters/Enemy_Clot_Worm/Enemy_Clot_Worm_Animation/ExoGame_Clot_Worm_Slither_Backward.uasset" 569
"../../../Quack/Content/Monsters/Enemy_Clot_Worm/Enemy_Clot_Worm_Animation/ExoGame_Clot_Worm_Slither_Foreward.uasset" 570
"../../../Quack/Content/Monsters/Enemy_Clot_Worm/Enemy_Clot_Worm_Animation/ExoGame_Clot_Worm_Slither_Left.uasset" 571
"../../../Quack/Content/Monsters/Enemy_Clot_Worm/Enemy_Clot_Worm_Animation/ExoGame_Clot_Worm_Slither_Right.uasset" 572
"../../../Quack/Content/Monsters/Enemy_Clot_Worm/Enemy_Clot_Worm_Animation/ExoGame_Clot_Worm_Turn_Left90.uasset" 573
"../../../Quack/Content/Monsters/Enemy_Clot_Worm/Enemy_Clot_Worm_Animation/ExoGame_Clot_Worm_Turn_Right90.uasset" 574
"../../../Quack/Content/Particles/DropletMask.uasset" 575
"../../../Quack/Content/Particles/M_LeakParticle.uasset" 576
"../../../Quack/Content/Particles/M_SteamParticle.uasset" 577
"../../../Engine/Content/EditorMaterials/Cascade/CASC_Cross.uasset" 578
"../../../Engine/Content/EditorMaterials/Cascade/CASC_None.uasset" 579
"../../../Engine/Content/Functions/Engine_MaterialFunctions03/Blends/Blend_ColorBurn.uasset" 580
"../../../Engine/Content/Functions/Engine_MaterialFunctions03/Procedurals/GeneratedBand.uasset" 581
"../../../Quack/Content/PostProcess/BileFilter.uasset" 582
"../../../Quack/Content/Particles/M_Beam.uasset" 583
"../../../Quack/Content/Particles/ParticleBeamChargemask.uasset" 584
"../../../Quack/Content/Particles/M_BeamCharge.uasset" 585
"../../../Quack/Content/Particles/M_RingParticle.uasset" 586
"../../../Engine/Content/BasicShapes/Sphere.uasset" 587
"../../../Quack/Content/Particles/ParticleBeam.uasset" 588
"../../../Quack/Content/Particles/ParticleRing.uasset" 589
"../../../Quack/Content/Particles/ParticleSystem_Beam.uasset" 590
"../../../Engine/Content/EngineMaterials/OrientParticle.uasset" 591
"../../../Engine/Content/EngineMaterials/DefaultParticle.uasset" 592
"../../../Quack/Content/Particles/ParticleSystem_Steam.uasset" 593
"../../../Engine/Content/Functions/Engine_MaterialFunctions02/Utility/BreakOutFloat3Components.uasset" 594
"../../../Engine/Content/Functions/Engine_MaterialFunctions02/Utility/MakeFloat4.uasset" 595
"../../../Quack/Content/PostProcess/MPP_Visor.uasset" 596
"../../../Quack/Content/QuackAI/BossStateEnum.uasset" 597
"../../../Quack/Content/StarterContent/Architecture/Pillar_50x500.uasset" 598
"../../../Quack/Content/StarterContent/Architecture/Wall_400x300.uasset" 599
"../../../Quack/Content/StarterContent/Architecture/Wall_400x400.uasset" 600
"../../../Quack/Content/StarterContent/Architecture/Wall_500x500.uasset" 601
"../../../Quack/Content/StarterContent/Architecture/Wall_Door_400x400.uasset" 602
"../../../Quack/Content/StarterContent/Architecture/Wall_Window_400x400.uasset" 603
"../../../Quack/Content/StarterContent/Audio/Light01_Cue.uasset" 604
"../../../Quack/Content/StarterContent/Audio/Light02_Cue.uasset" 605
"../../../Quack/Content/StarterContent/Blueprints/Blueprint_Effect_Explosion.uasset" 606
"../../../Engine/Content/EditorMeshes/ColorCalibrator/T_ColorGrid.uasset" 607
"../../../Quack/Content/StarterContent/Materials/M_ColorGrid_LowSpec.uasset" 608
"../../../Quack/Content/StarterContent/Textures/T_Bush_D.uasset" 609
"../../../Quack/Content/StarterContent/Textures/T_Bush_N.uasset" 610
"../../../Quack/Content/StarterContent/Props/Materials/M_Bush.uasset" 611
"../../../Quack/Content/StarterContent/Props/SM_Bush.uasset" 612
"../../../Quack/Content/StarterContent/Props/SM_Couch.uasset" 613
"../../../Quack/Content/StarterContent/Materials/M_Glass.uasset" 614
"../../../Quack/Content/StarterContent/Props/SM_Door.uasset" 615
"../../../Quack/Content/StarterContent/Props/Materials/M_MaterialSphere.uasset" 616
"../../../Quack/Content/StarterContent/Props/Materials/M_MaterialSphere_Plain.uasset" 617
"../../../Quack/Content/StarterContent/Props/SM_MatPreviewMesh_02.uasset" 618
"../../../Quack/Content/StarterContent/Textures/T_Shelf_M.uasset" 619
"../../../Quack/Content/StarterContent/Textures/T_Shelf_N.uasset" 620
"../../../Quack/Content/StarterContent/Props/Materials/M_Shelf.uasset" 621
"../../../Quack/Content/StarterContent/Props/SM_Shelf.uasset" 622
"../../../Quack/Content/StarterContent/Materials/M_Basic_Floor.uasset" 623
"../../../Quack/Content/StarterContent/Props/SM_Stairs.uasset" 624
"../../../Quack/Content/StarterContent/Shapes/Shape_Cone.uasset" 625
"../../../Quack/Content/StarterContent/Shapes/Shape_Cylinder.uasset" 626
"../../../Quack/Content/StarterContent/Shapes/Shape_NarrowCapsule.uasset" 627
"../../../Quack/Content/StarterContent/Shapes/Shape_Pipe.uasset" 628
"../../../Quack/Content/StarterContent/Shapes/Shape_Pipe_180.uasset" 629
"../../../Quack/Content/StarterContent/Shapes/Shape_Pipe_90.uasset" 630
"../../../Quack/Content/StarterContent/Shapes/Shape_Plane.uasset" 631
"../../../Quack/Content/StarterContent/Shapes/Shape_Torus.uasset" 632
"../../../Quack/Content/StarterContent/Shapes/Shape_Trim.uasset" 633
"../../../Quack/Content/StarterContent/Shapes/Shape_Trim_90_In.uasset" 634
"../../../Quack/Content/StarterContent/Shapes/Shape_Trim_90_Out.uasset" 635
"../../../Quack/Content/StarterContent/Shapes/Shape_TriPyramid.uasset" 636
"../../../Quack/Content/StarterContent/Shapes/Shape_Tube.uasset" 637
"../../../Quack/Content/StarterContent/Shapes/Shape_Wedge_A.uasset" 638
"../../../Quack/Content/StarterContent/Shapes/Shape_Wedge_B.uasset" 639
"../../../Quack/Content/StarterContent/Shapes/Shape_WideCapsule.uasset" 640
"../../../Quack/Content/FirstPerson/Animations/FirstPerson_Idle.uasset" 641
"../../../Quack/Content/FirstPerson/Animations/FirstPerson_JumpEnd.uasset" 642
"../../../Quack/Content/FirstPerson/Animations/FirstPerson_JumpLoop.uasset" 643
"../../../Quack/Content/FirstPerson/Animations/FirstPerson_JumpStart.uasset" 644
"../../../Quack/Content/FirstPerson/Animations/FirstPerson_Run.uasset" 645
"../../../Engine/Content/EditorBlueprintResources/StandardMacros.uasset" 646
"../../../Quack/Content/FirstPerson/Animations/FirstPerson_AnimBP.uasset" 647
"../../../Quack/Content/KrisHandAnim/MOCK_02_FPSarms_Shoot_01_Skeleton.uasset" 648
"../../../Quack/Content/KrisHandAnim/MOCK_02_FPSarms_Idle_01_Anim.uasset" 649
"../../../Quack/Content/KrisHandAnim/MOCK_02_FPSarms_Sprint_01_Anim.uasset" 650
"../../../Quack/Content/KrisHandAnim/Mock_02_Hands.uasset" 651
"../../../Quack/Content/KrisHandAnim/MOCK_02_FPSarms_Reload_01_Anim.uasset" 652
"../../../Quack/Content/KrisHandAnim/MOCK_02_FPSarms_Reload_01_Anim_Montage.uasset" 653
"../../../Quack/Content/KrisHandAnim/MOCK_02_FPSarms_Shoot_01_Anim.uasset" 654
"../../../Quack/Content/KrisHandAnim/MOCK_02_FPSarms_Shoot_01_Anim_Montage.uasset" 655
"../../../Quack/Content/ShootingEffects/GunShake.uasset" 656
"../../../Quack/Content/ShootingEffects/ControllerVibration.uasset" 657
"../../../Quack/Content/Textures/AmmoCrate.uasset" 658
"../../../Quack/Content/Textures/AmmoMat.uasset" 659
"../../../Quack/Content/Textures/Bullethole.uasset" 660
"../../../Quack/Content/Textures/RBK_BH_TEMP/T_BulletHole_BC.uasset" 661
"../../../Quack/Content/Textures/RBK_BH_TEMP/T_BulletHole_M.uasset" 662
"../../../Quack/Content/Textures/M_BulletDecal.uasset" 663
"../../../Quack/Content/Effects/Textures/LensFlare/T_Lensflare_01.uasset" 664
"../../../Quack/Content/Effects/Materials/LensFlare/M_Lensflare_01.uasset" 665
"../../../Quack/Content/Effects/Materials/Ramp/M_SoftGradient_Muzzle.uasset" 666
"../../../Quack/Content/Effects/Textures/Smoke/T_Clouds_01.uasset" 667
"../../../Quack/Content/Effects/Textures/Smoke/T_SmokeBall_01_8_8.uasset" 668
"../../../Quack/Content/Effects/Materials/Smoke/M_ImpactSmoke.uasset" 669
"../../../Quack/Content/Effects/Materials/Smoke/M_SmokeBall.uasset" 670
"../../../Quack/Content/Effects/Textures/Weapon/T_muzzle_flashes.uasset" 671
"../../../Quack/Content/Effects/Materials/Weapon/M_muzzle_flash_subUV.uasset" 672
"../../../Engine/Content/Functions/Engine_MaterialFunctions01/Gradient/LinearGradient.uasset" 673
"../../../Quack/Content/Effects/Textures/Mask/T_SquareMaskTightEdge.uasset" 674
"../../../Quack/Content/Effects/Textures/Noise/T_TileNoise.uasset" 675
"../../../Quack/Content/Effects/Materials/Weapon/M_MuzzleGlow.uasset" 676
"../../../Quack/Content/Effects/Meshes/Weapon/SM_MuzzleCone.uasset" 677
"../../../Quack/Content/Effects/ParticleSystems/Weapons/AssaultRifle/Muzzle/P_AssaultRifle_MF.uasset" 678
"../../../Quack/Content/Effects/Textures/Ramp/T_FX_CameraDistort.uasset" 679
"../../../Quack/Content/Effects/Textures/Ramp/T_FX_ColorDistort.uasset" 680
"../../../Quack/Content/Effects/Textures/Water/T_Caustics_2.uasset" 681
"../../../Quack/Content/Effects/Materials/Weapon/M_WP_Linkgun_Connection.uasset" 682
"../../../Quack/Content/Effects/Textures/Energy/T_EFX_Beam_Electricity_02.uasset" 683
"../../../Quack/Content/Effects/Materials/Weapon/M_WP_ShockRifle_Panning_Beam.uasset" 684
"../../../Quack/Content/Effects/ParticleSystems/Weapons/AssaultRifle/Muzzle/P_AssaultRifle_Trail.uasset" 685
"../../../Quack/Content/FirstPerson/Audio/FirstPersonTemplateWeaponFire02.uasset" 686
"../../../Quack/Content/HarrysModels/Guns/AR_Mag.uasset" 687
"../../../Quack/Content/HarrysModels/Guns/LowPoly_Skeleton/AssaultRifle_sk_PhysicsAsset.uasset" 688
"../../../Quack/Content/HarrysModels/Guns/LowPoly_Skeleton/AssaultRifle_sk_Skeleton.uasset" 689
"../../../Quack/Content/HarrysModels/Guns/LowPoly_Skeleton/AssaultRifle_sk.uasset" 690
"../../../Engine/Content/EngineResources/Black.uasset" 691
"../../../Quack/Content/InfinityBladeEffects/Effects/Masters/M_Add_Sprite_SubUV_Master.uasset" 692
"../../../Quack/Content/InfinityBladeEffects/Effects/FX_Textures/Fire/T_Fire_subUV_6X6.uasset" 693
"../../../Quack/Content/InfinityBladeEffects/Effects/FX_Materials/Fire/M_Fire_01_Add_6X6_INST.uasset" 694
"../../../Quack/Content/InfinityBladeEffects/Effects/Masters/M_Trans_Sprite_SubUV_Master.uasset" 695
"../../../Quack/Content/InfinityBladeEffects/Effects/FX_Textures/Fire/T_Fireball_02_SubUV_4_4.uasset" 696
"../../../Quack/Content/InfinityBladeEffects/Effects/FX_Materials/Fire/M_Fireball_03_4_4_INST.uasset" 697
"../../../Quack/Content/InfinityBladeEffects/Effects/Masters/M_Add_Sprite_Master.uasset" 698
"../../../Quack/Content/InfinityBladeEffects/Effects/FX_Textures/Gradient/T_starFlare_03.uasset" 699
"../../../Quack/Content/InfinityBladeEffects/Effects/FX_Materials/Gradient/M_Flare_04_INST.uasset" 700
"../../../Quack/Content/InfinityBladeEffects/Effects/FX_Textures/Smoke/T_SmokeBall_01_8_8.uasset" 701
"../../../Quack/Content/InfinityBladeEffects/Effects/FX_Materials/Smoke/M_Smoke_01_8X8_INST.uasset" 702
"../../../Quack/Content/InfinityBladeEffects/Effects/FX_Textures/Spark/T_Sparks_04_SubUV_1_4.uasset" 703
"../../../Quack/Content/InfinityBladeEffects/Effects/FX_Materials/Spark/M_Spark_04_SubUV_1_4_INST.uasset" 704
"../../../Quack/Content/InfinityBladeEffects/InfinityBladeEffects/Effects/FX_Monsters/FX_Monster_Gruntling/Master/P_BackPack_MuzzleFlash.uasset" 705
"../../../Quack/Content/BlueprintExtensions/BP_NEW_AssaultRifle.uasset" 706
"../../../Engine/Content/Functions/Engine_MaterialFunctions01/ImageAdjustment/CheapContrast.uasset" 707
"../../../Quack/Content/TEMPASSETS/T_HoneycombMask.uasset" 708
"../../../Quack/Content/TEMPASSETS/T_ScanLineMask.uasset" 709
"../../../Quack/Content/StarterContent/Materials/M_CustomGlass.uasset" 710
"../../../Quack/Content/BlueprintExtensions/BP_PlasmaGunProjectile.uasset" 711
"../../../Quack/Content/HarrysModels/Guns/LowPoly_Skeleton/LaserRifle_sk_PhysicsAsset.uasset" 712
"../../../Quack/Content/HarrysModels/Guns/LowPoly_Skeleton/LaserRifle_sk_Skeleton.uasset" 713
"../../../Quack/Content/HarrysModels/Guns/LowPoly_Skeleton/LaserRifle_sk.uasset" 714
"../../../Quack/Content/LaserBeamNiall/P_Niall_Laser.uasset" 715
"../../../Quack/Content/StarterContent/Particles/Materials/M_Radial_Gradient.uasset" 716
"../../../Quack/Content/StarterContent/Textures/T_Spark_Core.uasset" 717
"../../../Quack/Content/StarterContent/Particles/Materials/M_Spark.uasset" 718
"../../../Quack/Content/StarterContent/Particles/P_Sparks2.uasset" 719
"../../../Quack/Content/BlueprintExtensions/BP_NEW_PlasmaRifle.uasset" 720
"../../../Quack/Content/PostProcess/MPP_Acid.uasset" 721
"../../../Engine/Content/Functions/Engine_MaterialFunctions01/Gradient/RadialGradientExponential.uasset" 722
"../../../Quack/Content/PostProcess/ScreenDamageBlood.uasset" 723
"../../../Quack/Content/PostProcess/ScreenDamageBlood_Mask.uasset" 724
"../../../Quack/Content/PostProcess/MPP_Damage.uasset" 725
"../../../Quack/Content/HarrysModels/Needle/lambert1.uasset" 726
"../../../Quack/Content/KrisHandAnim/MOCK_02_FPSarms_Reload_01_PhysicsAsset.uasset" 727
"../../../Quack/Content/KrisHandAnim/MOCK_02_FPSarms_Reload_01.uasset" 728
"../../../Quack/Content/BlueprintExtensions/BP_QuackCharacter.uasset" 729
"../../../Engine/Content/BasicShapes/Cube.uasset" 730
"../../../Quack/Content/TEMPASSETS/BossRoomDoor.uasset" 731
"../../../Quack/Content/TEMPASSETS/Boss_Room_Walls.uasset" 732
"../../../Quack/Content/TEMPASSETS/Room2.uasset" 733
"../../../Quack/Content/TEMPASSETS/Corridor.uasset" 734
"../../../Quack/Content/TEMPASSETS/Nialls_First_Abomination.uasset" 735
"../../../Quack/Content/TEMPASSETS/Room_01.uasset" 736
"../../../Quack/Content/Textures/RedBar_Niall_lit.uasset" 737
"../../../Quack/Content/Textures/Harry_Boss_Tongue/Tongue_Normal.uasset" 738
"../../../Engine/Content/Functions/Engine_MaterialFunctions02/SplitComponents.uasset" 739
"../../../Quack/Content/Textures/HighlightMaterial/MF_ConvolveTexture.uasset" 740
"../../../Quack/Content/Textures/HighlightMaterial/MF_ExtractDepth.uasset" 741
"../../../Quack/Content/Textures/HighlightMaterial/M_Highlight.uasset" 742
"../../../Engine/Content/Functions/Engine_MaterialFunctions02/Utility/VectorLength.uasset" 743
"../../../Quack/Content/Textures/HighlightMaterial/MF_SampleSceneTextureNeighbourUVs.uasset" 744
"../../../Quack/Content/Textures/HighlightMaterial/PP_Outliner_M.uasset" 745
"../../../Quack/Content/Textures/HighlightMaterial/PP_Outliner_Inst.uasset" 746
"../../../Quack/Content/Textures/HighlightMaterial/Materials/MultiColoredOutlineFX/Content/Base/PP_OutlineColored.uasset" 747
"../../../Quack/Content/Textures/HighlightMaterial/Materials/MultiColoredOutlineFX/Content/Base/PPI_OutlineColored.uasset" 748
"../../../Quack/Content/Textures/Kris_UI/PlayerHPbar.uasset" 749
"../../../Quack/Content/Textures/Kris_UI/PlayerHPbar_MaskBackground.uasset" 750
"../../../Quack/Content/Textures/Kris_UI/PlayerHPbar_MaskFill.uasset" 751
"../../../Quack/Content/Textures/Kris_UI/M_PlayerHealthbar.uasset" 752
"../../../Quack/Content/Textures/Kris_UI/M_PlayerHealthBarFill.uasset" 753
"../../../Engine/Content/Functions/Engine_MaterialFunctions03/Blends/Blend_SoftLight.uasset" 754
"../../../Quack/Content/Textures/Kris_UI/HelmetHUD.uasset" 755
"../../../Quack/Content/Textures/Kris_UI/HelmetHUD_Mask.uasset" 756
"../../../Quack/Content/Textures/Kris_UI/M_Visor.uasset" 757
"../../../Quack/Content/Textures/Kris_UI/M_Visor2.uasset" 758
"../../../Quack/Content/Textures/Kris_UI/OLDHelmetHUD_A.uasset" 759
"../../../Quack/Content/Textures/Kris_UI/OLDHelmetMask.uasset" 760
"../../../Quack/Content/Textures/Materials/Boss_Materials/M_Boss_Tongue.uasset" 761
"../../../Quack/Content/UI/ak47.uasset" 762
"../../../Quack/Content/UI/GravGun.uasset" 763
"../../../Quack/Content/UI/GravGunBlk.uasset" 764
"../../../Quack/Content/UI/GravGunColourWhite.uasset" 765
"../../../Quack/Content/UI/Level_Plan_Final_V3_.uasset" 766
"../../../Quack/Content/UI/health.uasset" 767
"../../../Quack/Content/UI/M_Health.uasset" 768
"../../../Quack/Content/UI/poisonvial.uasset" 769
"../../../Quack/Content/UI/sniper.uasset" 770
"../../../Quack/Content/UI/Buttons/button.uasset" 771
"../../../Quack/Content/UI/Buttons/button_-_Copy.uasset" 772
"../../../Quack/Content/BossHighPoly/BileSpit.uasset" 773
"../../../Quack/Content/BossHighPoly/Idle01_Anim.uasset" 774
"../../../Quack/Content/BossHighPoly/Idle02.uasset" 775
"../../../Quack/Content/BossHighPoly/Melee_stabLeft.uasset" 776
"../../../Quack/Content/BossHighPoly/RevisedAnimations/TongueGulp_Lower.uasset" 777
"../../../Quack/Content/BossHighPoly/RevisedAnimations/TongueGulp_Upper.uasset" 778
"../../../Quack/Content/BossHighPoly/RevisedAnimations/TongueRecoil_Lower.uasset" 779
"../../../Quack/Content/BossHighPoly/RevisedAnimations/TongueRecoil_Upper.uasset" 780
"../../../Quack/Content/BossHighPoly/RevisedAnimations/TongueStretch_Lower.uasset" 781
"../../../Quack/Content/BossHighPoly/RevisedAnimations/TongueStretch_Upper.uasset" 782
"../../../Quack/Content/BossHighPoly/TailShoot.uasset" 783
"../../../Quack/Content/BossHighPoly/TongueGulp.uasset" 784
"../../../Quack/Content/BossHighPoly/TongueRecoil.uasset" 785
"../../../Quack/Content/BossHighPoly/NewBossAnim.uasset" 786
"../../../Quack/Content/BossHighPoly/BileSpit_Montage.uasset" 787
"../../../Quack/Content/BossHighPoly/Melee_stabBoth.uasset" 788
"../../../Quack/Content/BossHighPoly/MeleeBoth_Montage.uasset" 789
"../../../Quack/Content/BossHighPoly/MeleeLeft_Montage.uasset" 790
"../../../Quack/Content/BossHighPoly/Melee_stabRight.uasset" 791
"../../../Quack/Content/BossHighPoly/MeleeRight_Montage.uasset" 792
"../../../Quack/Content/BossHighPoly/TailShoot_Montage2.uasset" 793
"../../../Quack/Content/HarrysModels/BossArmour/Armour_Textures/phong1_Base_Color.uasset" 794
"../../../Quack/Content/HarrysModels/BossArmour/Armour_Textures/phong1_Emissive.uasset" 795
"../../../Quack/Content/HarrysModels/BossArmour/Armour_Textures/phong1_Height.uasset" 796
"../../../Quack/Content/HarrysModels/BossArmour/Armour_Textures/phong1_Metallic.uasset" 797
"../../../Quack/Content/HarrysModels/BossArmour/Armour_Textures/phong1_Mixed_AO.uasset" 798
"../../../Quack/Content/HarrysModels/BossArmour/Armour_Textures/phong1_Normal_DirectX.uasset" 799
"../../../Quack/Content/HarrysModels/BossArmour/Armour_Textures/phong1_Roughness.uasset" 800
"../../../Quack/Content/HarrysModels/BossArmour/Armour_Textures/M_Armour_03.uasset" 801
"../../../Quack/Content/HarrysModels/BossArmour/Boss_Pieces/Main_Piece.uasset" 802
"../../../Quack/Content/HarrysModels/BossArmour/Boss_Pieces/Main_Piece_DM.uasset" 803
"../../../Quack/Content/BlueprintExtensions/BP_ArmourBody.uasset" 804
"../../../Quack/Content/HarrysModels/BossArmour/Armour_Textures/lambert4_Base_Color.uasset" 805
"../../../Quack/Content/HarrysModels/BossArmour/Armour_Textures/lambert4_Height.uasset" 806
"../../../Quack/Content/HarrysModels/BossArmour/Armour_Textures/lambert4_Metallic.uasset" 807
"../../../Quack/Content/HarrysModels/BossArmour/Armour_Textures/lambert4_Mixed_AO.uasset" 808
"../../../Quack/Content/HarrysModels/BossArmour/Armour_Textures/lambert4_Normal_DirectX.uasset" 809
"../../../Quack/Content/HarrysModels/BossArmour/Armour_Textures/lambert4_Roughness.uasset" 810
"../../../Quack/Content/HarrysModels/BossArmour/Armour_Textures/M_Armour_01.uasset" 811
"../../../Quack/Content/HarrysModels/BossArmour/Boss_Pieces/bottomleftpeg.uasset" 812
"../../../Quack/Content/BlueprintExtensions/BP_ArmourLL.uasset" 813
"../../../Quack/Content/HarrysModels/BossArmour/Boss_Pieces/bottomrightpeg.uasset" 814
"../../../Quack/Content/BlueprintExtensions/BP_ArmourLR.uasset" 815
"../../../Quack/Content/HarrysModels/BossArmour/Boss_Pieces/Topleftpeg.uasset" 816
"../../../Quack/Content/BlueprintExtensions/BP_ArmourUL.uasset" 817
"../../../Quack/Content/HarrysModels/BossArmour/Boss_Pieces/toprightpeg.uasset" 818
"../../../Quack/Content/BlueprintExtensions/BP_ArmourUR.uasset" 819
"../../../Quack/Content/BlueprintExtensions/BP_MyBileSplashEffect.uasset" 820
"../../../Quack/Content/BlueprintExtensions/BP_BossBileProjectile.uasset" 821
"../../../Quack/Content/BlueprintExtensions/BP_MyBossTailProjectile.uasset" 822
"../../../Quack/Content/HarrysModels/BossArmour/Cannon_Textures/inner_Base_Color.uasset" 823
"../../../Quack/Content/HarrysModels/BossArmour/Cannon_Textures/inner_Height.uasset" 824
"../../../Quack/Content/HarrysModels/BossArmour/Cannon_Textures/inner_Metallic.uasset" 825
"../../../Quack/Content/HarrysModels/BossArmour/Cannon_Textures/inner_Normal_DirectX.uasset" 826
"../../../Quack/Content/HarrysModels/BossArmour/Cannon_Textures/inner_Roughness.uasset" 827
"../../../Quack/Content/HarrysModels/BossArmour/Cannon_Textures/M_Cannon_01.uasset" 828
"../../../Quack/Content/HarrysModels/BossArmour/Cannon_Textures/lambert1_Base_Color.uasset" 829
"../../../Quack/Content/HarrysModels/BossArmour/Cannon_Textures/lambert1_Height.uasset" 830
"../../../Quack/Content/HarrysModels/BossArmour/Cannon_Textures/lambert1_Metallic.uasset" 831
"../../../Quack/Content/HarrysModels/BossArmour/Cannon_Textures/lambert1_Normal.uasset" 832
"../../../Quack/Content/HarrysModels/BossArmour/Cannon_Textures/lambert1_Roughness.uasset" 833
"../../../Quack/Content/HarrysModels/BossArmour/Cannon_Textures/M_Cannon_02.uasset" 834
"../../../Quack/Content/HarrysModels/BossArmour/Cannon_Textures/rubber_Base_Color.uasset" 835
"../../../Quack/Content/HarrysModels/BossArmour/Cannon_Textures/rubber_Height.uasset" 836
"../../../Quack/Content/HarrysModels/BossArmour/Cannon_Textures/rubber_Normal_DirectX.uasset" 837
"../../../Quack/Content/HarrysModels/BossArmour/Cannon_Textures/M_Cannon_03.uasset" 838
"../../../Quack/Content/HarrysModels/BossArmour/Cannon_Textures/M_Cannon_04.uasset" 839
"../../../Quack/Content/HarrysModels/Guns/Textures/Chandelier/lambert1_Base_Color.uasset" 840
"../../../Quack/Content/HarrysModels/Guns/Textures/Chandelier/lambert1_Emissive.uasset" 841
"../../../Quack/Content/HarrysModels/Guns/Textures/Chandelier/lambert1_Height.uasset" 842
"../../../Quack/Content/HarrysModels/Guns/Textures/Chandelier/lambert1_Metallic.uasset" 843
"../../../Quack/Content/HarrysModels/Guns/Textures/Chandelier/lambert1_Mixed_AO.uasset" 844
"../../../Quack/Content/HarrysModels/Guns/Textures/Chandelier/lambert1_Normal_DirectX.uasset" 845
"../../../Quack/Content/HarrysModels/Guns/Textures/Chandelier/lambert1_Opacity.uasset" 846
"../../../Quack/Content/HarrysModels/Guns/Textures/Chandelier/lambert1_Roughness.uasset" 847
"../../../Quack/Content/HarrysModels/Guns/Textures/Chandelier/M_Chandelier.uasset" 848
"../../../Quack/Content/Textures/Harry_Boss_Tongue/Tongue_Base_Color.uasset" 849
"../../../Quack/Content/Textures/Harry_Boss_Tongue/Tongue_Height.uasset" 850
"../../../Quack/Content/Textures/Harry_Boss_Tongue/Tongue_Metallic.uasset" 851
"../../../Quack/Content/Textures/Harry_Boss_Tongue/Tongue_Mixed_AO.uasset" 852
"../../../Quack/Content/Textures/Harry_Boss_Tongue/Tongue_Normal_DirectX.uasset" 853
"../../../Quack/Content/Textures/Harry_Boss_Tongue/Tongue_Roughness.uasset" 854
"../../../Quack/Content/Textures/Harry_Boss_Tongue/M_TongueMaterial.uasset" 855
"../../../Quack/Content/Textures/Harry_Boss_Tongue/M_TongueTest.uasset" 856
"../../../Quack/Content/Textures/Materials/Boss_Materials/Base_Color.uasset" 857
"../../../Quack/Content/Textures/Materials/Boss_Materials/Height.uasset" 858
"../../../Quack/Content/Textures/Materials/Boss_Materials/Metallic.uasset" 859
"../../../Quack/Content/Textures/Materials/Boss_Materials/Normal.uasset" 860
"../../../Quack/Content/Textures/Materials/Boss_Materials/Roughness.uasset" 861
"../../../Quack/Content/Textures/Materials/Boss_Materials/M_BossMaterial.uasset" 862
"../../../Quack/Content/Textures/Materials/Boss_Materials/M_BossMaterial_Eyes.uasset" 863
"../../../Quack/Content/BossHighPoly/Idle01_PhysicsAsset.uasset" 864
"../../../Quack/Content/BossHighPoly/Idle01.uasset" 865
"../../../Quack/Content/HarrysModels/BossArmour/cannon.uasset" 866
"../../../Quack/Content/HarrysModels/Chandelier/lambert1.uasset" 867
"../../../Quack/Content/HarrysModels/Chandelier/Chandelierv2.uasset" 868
"../../../Quack/Content/BlueprintExtensions/BP_QuackBoss.uasset" 869
"../../../Quack/Content/BlueprintExtensions/BP_AudioZoneBox.uasset" 870
"../../../Quack/Content/Textures/Materials/CentralPipe/CetralPipe_albedo.uasset" 871
"../../../Quack/Content/Textures/Materials/CentralPipe/CetralPipe_metallic.uasset" 872
"../../../Quack/Content/Textures/Materials/CentralPipe/CetralPipe_normal.uasset" 873
"../../../Quack/Content/Textures/Materials/CentralPipe/CetralPipe_roughness.uasset" 874
"../../../Quack/Content/Textures/Materials/CentralPipe/M_BreakablePipe.uasset" 875
"../../../Quack/Content/Textures/Materials/CentralPipe/PipeBase__albedo.uasset" 876
"../../../Quack/Content/Textures/Materials/CentralPipe/PipeBase__metallic.uasset" 877
"../../../Quack/Content/Textures/Materials/CentralPipe/PipeBase__normal.uasset" 878
"../../../Quack/Content/Textures/Materials/CentralPipe/PipeBase__roughness.uasset" 879
"../../../Quack/Content/Textures/Materials/CentralPipe/PipeBase_EmMask.uasset" 880
"../../../Quack/Content/Textures/Materials/CentralPipe/PipeBase_EmMask2.uasset" 881
"../../../Quack/Content/Textures/Materials/CentralPipe/M_BreakablePipeBase.uasset" 882
"../../../Quack/Content/Geometry/Meshes/BreakablePipe/CentralPipePartB.uasset" 883
"../../../Quack/Content/Geometry/Meshes/BreakablePipe/CentralPipePartB_DM.uasset" 884
"../../../Quack/Content/Geometry/Meshes/BreakablePipe/CentralPipePartA.uasset" 885
"../../../Quack/Content/BlueprintExtensions/BP_DestructibleInnerPipes.uasset" 886
"../../../Quack/Content/HarrysModels/Pickups/HealthPickups/lambert3_Base_Color.uasset" 887
"../../../Quack/Content/HarrysModels/Pickups/HealthPickups/lambert3_Height.uasset" 888
"../../../Quack/Content/HarrysModels/Pickups/HealthPickups/lambert3_Metallic.uasset" 889
"../../../Quack/Content/HarrysModels/Pickups/HealthPickups/lambert3_Mixed_AO.uasset" 890
"../../../Quack/Content/HarrysModels/Pickups/HealthPickups/lambert3_Normal_DirectX.uasset" 891
"../../../Quack/Content/HarrysModels/Pickups/HealthPickups/lambert3_Opacity.uasset" 892
"../../../Quack/Content/HarrysModels/Pickups/HealthPickups/lambert3_Roughness.uasset" 893
"../../../Quack/Content/HarrysModels/Pickups/HealthPickups/M_HealthBoxClip.uasset" 894
"../../../Quack/Content/HarrysModels/Pickups/HealthPickups/lambert2_Base_Color.uasset" 895
"../../../Quack/Content/HarrysModels/Pickups/HealthPickups/lambert2_Height.uasset" 896
"../../../Quack/Content/HarrysModels/Pickups/HealthPickups/lambert2_Metallic.uasset" 897
"../../../Quack/Content/HarrysModels/Pickups/HealthPickups/lambert2_Mixed_AO.uasset" 898
"../../../Quack/Content/HarrysModels/Pickups/HealthPickups/lambert2_Normal_DirectX.uasset" 899
"../../../Quack/Content/HarrysModels/Pickups/HealthPickups/lambert2_Opacity.uasset" 900
"../../../Quack/Content/HarrysModels/Pickups/HealthPickups/lambert2_Roughness.uasset" 901
"../../../Quack/Content/HarrysModels/Pickups/HealthPickups/M_HealthContents.uasset" 902
"../../../Quack/Content/HarrysModels/Pickups/HealthPickups/lambert1_Base_Color.uasset" 903
"../../../Quack/Content/HarrysModels/Pickups/HealthPickups/lambert1_Height.uasset" 904
"../../../Quack/Content/HarrysModels/Pickups/HealthPickups/lambert1_Metallic.uasset" 905
"../../../Quack/Content/HarrysModels/Pickups/HealthPickups/lambert1_Mixed_AO.uasset" 906
"../../../Quack/Content/HarrysModels/Pickups/HealthPickups/lambert1_Normal_DirectX.uasset" 907
"../../../Quack/Content/HarrysModels/Pickups/HealthPickups/lambert1_Opacity.uasset" 908
"../../../Quack/Content/HarrysModels/Pickups/HealthPickups/lambert1_Roughness.uasset" 909
"../../../Quack/Content/HarrysModels/Pickups/HealthPickups/M_HealthCrate.uasset" 910
"../../../Quack/Content/HarrysModels/Pickups/HealthPickups/Health_Pickup.uasset" 911
"../../../Quack/Content/BlueprintExtensions/BP_HealthPickUp.uasset" 912
"../../../Quack/Content/BlueprintExtensions/BP_MinionSpawnActor.uasset" 913
"../../../Quack/Content/BlueprintExtensions/BP_QuackGameMode.uasset" 914
"../../../Quack/Content/Particles/M_LeakParticle2.uasset" 915
"../../../Quack/Content/Particles/LeakParticleEffect.uasset" 916
"../../../Quack/Content/KrisModels/BP_FoodPipe.uasset" 917
"../../../Quack/Content/Monsters/Enemy_Clot_Worm/ExoGame_Clot_Worm_Idle_1.uasset" 918
"../../../Quack/Content/Monsters/Enemy_Clot_Worm/ExoGame_Clot_Worm_Slither_Foreward.uasset" 919
"../../../Quack/Content/Monsters/Enemy_Clot_Worm/WormBP.uasset" 920
"../../../Quack/Content/QuackAI/QuackExplodingBB.uasset" 921
"../../../Quack/Content/QuackAI/QuackExplodingBT.uasset" 922
"../../../Quack/Content/QuackAI/MyQuackAIController.uasset" 923
"../../../Quack/Content/Monsters/Enemy_Clot_Worm/Textures/T_Enemy_Clotworm__N.uasset" 924
"../../../Quack/Content/Monsters/Enemy_Clot_Worm/Textures/T_Enemy_Clotworm_D.uasset" 925
"../../../Quack/Content/Monsters/Enemy_Clot_Worm/Textures/T_Enemy_Clotworm_M.uasset" 926
"../../../Quack/Content/Monsters/Enemy_Clot_Worm/Materials/M_Clot_Worm.uasset" 927
"../../../Quack/Content/Monsters/Enemy_Clot_Worm/SM_Enemy_Clot_Worm.uasset" 928
"../../../Quack/Content/Monsters/Enemy_Clot_Worm/SM_Enemy_Clot_Worm_DM.uasset" 929
"../../../Quack/Content/Monsters/Enemy_Clot_Worm/SK_Enemy_Clot_Worm.uasset" 930
"../../../Quack/Content/QuackAI/MyQuackAIExplodingPawn.uasset" 931
"../../../Quack/Content/Monsters/Enemy_Creature_Spider/SK_EXO_Creature_Spider02_Skeleton.uasset" 932
"../../../Quack/Content/Monsters/Enemy_Creature_Spider/Enemy_CreatureSpider2_Animation/ExoGame_Spider_Idle.uasset" 933
"../../../Quack/Content/Monsters/Enemy_Creature_Spider/Enemy_CreatureSpider2_Animation/ExoGame_Spider_Walk.uasset" 934
"../../../Quack/Content/Monsters/Enemy_Creature_Spider/Enemy_CreatureSpider2_Animation/SpiderAnimBP.uasset" 935
"../../../Quack/Content/QuackAI/QuackRangedBB.uasset" 936
"../../../Quack/Content/QuackAI/QuackRangedBT.uasset" 937
"../../../Quack/Content/Monsters/Enemy_Creature_Spider/Textures/T_Creature_Spider02_N.uasset" 938
"../../../Quack/Content/Monsters/Enemy_Creature_Spider/Textures/T_Creature_Spider02a_D.uasset" 939
"../../../Quack/Content/Monsters/Enemy_Creature_Spider/Textures/T_Creature_Spider02a_M.uasset" 940
"../../../Quack/Content/Monsters/Enemy_Creature_Spider/Materials/CharM_Creature_Spider.uasset" 941
"../../../Quack/Content/Monsters/Enemy_Creature_Spider/SK_EXO_Creature_Spider02.uasset" 942
"../../../Quack/Content/QuackAI/MyQuackAIRangedPawn.uasset" 943
"../../../Quack/Content/StarterContent/Materials/M_Metal_Brushed_Nickel.uasset" 944
"../../../Quack/Content/Textures/ArchedFloor/Arched_Floor_Albedo.uasset" 945
"../../../Quack/Content/Textures/ArchedFloor/Arched_Floor_Metalness.uasset" 946
"../../../Quack/Content/Textures/ArchedFloor/Arched_Floor_Normal.uasset" 947
"../../../Quack/Content/Textures/ArchedFloor/Arched_Floor_Roughness.uasset" 948
"../../../Quack/Content/Textures/ArchedFloor/Arched_Floor_Albedo_Mat.uasset" 949
"../../../Quack/Content/Textures/FlatFloor/Flat_Floor_Albedo.uasset" 950
"../../../Quack/Content/Textures/FlatFloor/Flat_Floor_Metalness.uasset" 951
"../../../Quack/Content/Textures/FlatFloor/Flat_Floor_Normal.uasset" 952
"../../../Quack/Content/Textures/FlatFloor/Flat_Floor_Roughness.uasset" 953
"../../../Quack/Content/Textures/FlatFloor/Flat_Floor_Albedo_Mat.uasset" 954
"../../../Quack/Content/Textures/GratedFloor/Floor_Rim_Albedo.uasset" 955
"../../../Quack/Content/Textures/GratedFloor/Floor_Rim_Metalness.uasset" 956
"../../../Quack/Content/Textures/GratedFloor/Floor_Rim_Normal.uasset" 957
"../../../Quack/Content/Textures/GratedFloor/Floor_Rim_Roughness.uasset" 958
"../../../Quack/Content/Textures/GratedFloor/Floor_Rim_Albedo_Mat.uasset" 959
"../../../Quack/Content/Textures/GratedFloor/Grated_Floor_Albedo.uasset" 960
"../../../Quack/Content/Textures/GratedFloor/Grated_Floor_Alpha.uasset" 961
"../../../Quack/Content/Textures/GratedFloor/Grated_Floor_Metalness.uasset" 962
"../../../Quack/Content/Textures/GratedFloor/Grated_Floor_Normal.uasset" 963
"../../../Quack/Content/Textures/GratedFloor/Grated_Floor_Roughness.uasset" 964
"../../../Quack/Content/Textures/GratedFloor/Grated_Floor_Albedo_Mat.uasset" 965
"../../../Quack/Content/Textures/LargePipe/LargePipe_albedo.uasset" 966
"../../../Quack/Content/Textures/LargePipe/LargePipe_metallic.uasset" 967
"../../../Quack/Content/Textures/LargePipe/LargePipe_normal.uasset" 968
"../../../Quack/Content/Textures/LargePipe/LargePipe_roughness.uasset" 969
"../../../Quack/Content/Textures/LargePipe/LargePipe_albedo_Mat.uasset" 970
"../../../Quack/Content/Textures/LargePipe/PipeRings_albedo.uasset" 971
"../../../Quack/Content/Textures/LargePipe/PipeRings_metallic.uasset" 972
"../../../Quack/Content/Textures/LargePipe/PipeRings_normal.uasset" 973
"../../../Quack/Content/Textures/LargePipe/PipeRings_roughness.uasset" 974
"../../../Quack/Content/Textures/LargePipe/PipeRings_albedo_Mat.uasset" 975
"../../../Quack/Content/Textures/LargePipe/PipeStrut_albedo.uasset" 976
"../../../Quack/Content/Textures/LargePipe/PipeStrut_metallic.uasset" 977
"../../../Quack/Content/Textures/LargePipe/PipeStrut_normal.uasset" 978
"../../../Quack/Content/Textures/LargePipe/PipeStrut_roughness.uasset" 979
"../../../Quack/Content/Textures/LargePipe/PipeStrut_albedo_Mat.uasset" 980
"../../../Quack/Content/Textures/MetalWalls/BossRoomWalls_albedo.uasset" 981
"../../../Quack/Content/Textures/MetalWalls/BossRoomWalls_LightsMask.uasset" 982
"../../../Quack/Content/Textures/MetalWalls/BossRoomWalls_metalic.uasset" 983
"../../../Quack/Content/Textures/MetalWalls/BossRoomWalls_normal.uasset" 984
"../../../Quack/Content/Textures/MetalWalls/BossRoomWalls_roughness.uasset" 985
"../../../Quack/Content/Textures/MetalWalls/BossRoomWalls_albedo_Mat.uasset" 986
"../../../Quack/Content/AshModels/CubeMaterial.uasset" 987
"../../../Quack/Content/AshModels/Fbx_Default_Material.uasset" 988
"../../../Quack/Content/AshModels/WorldGridMaterial.uasset" 989
"../../../Quack/Content/AshModels/New_Level.uasset" 990
"../../../Quack/Content/AshModels/Railings.uasset" 991
"../../../Quack/Content/HarrysModels/Guns_AmmoBelt/blinn1.uasset" 992
"../../../Quack/Content/HarrysModels/Guns_AmmoBelt/gravgun_high.uasset" 993
"../../../Quack/Content/Textures/GreyBar_Niall_lit.uasset" 994
"../../../Quack/Content/Textures/RedBar_Niall_lit_02.uasset" 995
"../../../Quack/Content/UI/AssaultGun_Icon.uasset" 996
"../../../Quack/Content/UI/GravGunColour.uasset" 997
"../../../Quack/Content/UI/HUD.uasset" 998
"../../../Quack/Content/Maps/GameMap.umap" 999
"../../../Quack/Content/StarterContent/Blueprints/Assets/FogBrightnessLUT.uasset" 1000
"../../../Quack/Content/StarterContent/Blueprints/Assets/SunlightColorLUT.uasset" 1001
"../../../Quack/Content/StarterContent/Blueprints/Assets/M_LightStage_Arrows.uasset" 1002
"../../../Engine/Content/MapTemplates/Sky/DaylightAmbientCubemap.uasset" 1003
"../../../Quack/Content/StarterContent/Blueprints/Assets/M_LightStage_Skybox_Master.uasset" 1004
"../../../Quack/Content/StarterContent/Blueprints/Assets/M_LightStage_Skybox_Black.uasset" 1005
"../../../Quack/Content/StarterContent/Blueprints/Assets/M_LightStage_Skybox_HDRI.uasset" 1006
"../../../Engine/Content/EditorMaterials/Thumbnails/SkySphereMaterial.uasset" 1007
"../../../Quack/Content/StarterContent/Blueprints/Assets/Skybox.uasset" 1008
"../../../Quack/Content/StarterContent/Blueprints/Assets/SM_Arrows.uasset" 1009
"../../../Quack/Content/StarterContent/HDRI/HDRI_Epic_Courtyard_Daylight.uasset" 1010
"../../../Quack/Content/StarterContent/Blueprints/BP_LightStudio.uasset" 1011
"../../../Quack/Content/StarterContent/Materials/M_AssetPlatform.uasset" 1012
"../../../Engine/Content/EditorMeshes/ColorCalibrator/M_ChromeBall.uasset" 1013
"../../../Engine/Content/EditorMeshes/ColorCalibrator/M_ClearCoat.uasset" 1014
"../../../Engine/Content/EditorMeshes/ColorCalibrator/M_ClearCoatBlack.uasset" 1015
"../../../Engine/Content/EditorMeshes/ColorCalibrator/M_ColorGrid.uasset" 1016
"../../../Engine/Content/EditorMeshes/ColorCalibrator/M_GreyBall.uasset" 1017
"../../../Engine/Content/EditorMeshes/ColorCalibrator/SM_ColorCalibrator.uasset" 1018
"../../../Quack/Content/StarterContent/Architecture/SM_AssetPlatform.uasset" 1019
"../../../Quack/Content/StarterContent/Maps/Advanced_Lighting.umap" 1020
"../../../Engine/Content/EngineSky/C_Sky_Cloud_Color.uasset" 1021
"../../../Engine/Content/EngineSky/C_Sky_Horizon_Color.uasset" 1022
"../../../Engine/Content/EngineSky/C_Sky_Zenith_Color.uasset" 1023
"../../../Engine/Content/EngineSky/T_Sky_Blue.uasset" 1024
"../../../Engine/Content/EngineSky/T_Sky_Clouds_M.uasset" 1025
"../../../Engine/Content/EngineSky/T_Sky_Stars.uasset" 1026
"../../../Engine/Content/EngineSky/M_Sky_Panning_Clouds2.uasset" 1027
"../../../Engine/Content/EngineSky/SM_SkySphere.uasset" 1028
"../../../Engine/Content/EngineSky/BP_Sky_Sphere.uasset" 1029
"../../../Quack/Content/StarterContent/Textures/T_Metal_Copper_D.uasset" 1030
"../../../Quack/Content/StarterContent/Materials/M_Metal_Copper.uasset" 1031
"../../../Quack/Content/StarterContent/Textures/T_Statue_M.uasset" 1032
"../../../Quack/Content/StarterContent/Textures/T_Statue_N.uasset" 1033
"../../../Quack/Content/StarterContent/Props/Materials/M_StatueGlass.uasset" 1034
"../../../Quack/Content/StarterContent/Architecture/Floor_400x400.uasset" 1035
"../../../Quack/Content/StarterContent/Audio/Starter_Background_Cue.uasset" 1036
"../../../Quack/Content/StarterContent/Props/Materials/M_Statue.uasset" 1037
"../../../Quack/Content/StarterContent/Props/SM_Statue.uasset" 1038
"../../../Quack/Content/StarterContent/Textures/T_TableRound_M.uasset" 1039
"../../../Quack/Content/StarterContent/Textures/T_TableRound_N.uasset" 1040
"../../../Quack/Content/StarterContent/Props/Materials/M_TableRound.uasset" 1041
"../../../Quack/Content/StarterContent/Props/SM_TableRound.uasset" 1042
"../../../Quack/Content/StarterContent/Maps/Minimal_Default.umap" 1043
"../../../Engine/Content/EngineMaterials/DefaultNormal.uasset" 1044
"../../../Engine/Content/Maps/Entry.umap" 1045
"../../../Quack/Content/BlueprintExtensions/LevelTransitionGameMode.uasset" 1046
"../../../Quack/Content/UI/QuackSplash.uasset" 1047
"../../../Quack/Content/UI/LoadingWidget.uasset" 1048
"../../../Quack/Content/Maps/LevelTransition.umap" 1049
"../../../Quack/Content/UI/Buttons/UI_Button_Base.uasset" 1050
"../../../Quack/Content/UI/Buttons/UI_Button_Hover.uasset" 1051
"../../../Quack/Content/UI/Buttons/UI_Button_Pressed.uasset" 1052
"../../../Quack/Content/UI/MainMenu.uasset" 1053
"../../../Quack/Content/Maps/MainMenu.umap" 1054
"../../../Quack/Content/StarterContent/Audio/Fire01_Cue.uasset" 1055
"../../../Quack/Content/StarterContent/Textures/T_Fire_SubUV.uasset" 1056
"../../../Quack/Content/StarterContent/Textures/T_Fire_Tiled_D.uasset" 1057
"../../../Quack/Content/StarterContent/Particles/Materials/M_Fire_SubUV.uasset" 1058
"../../../Quack/Content/StarterContent/Textures/T_Water_N.uasset" 1059
"../../../Quack/Content/StarterContent/Particles/Materials/M_Heat_Distortion.uasset" 1060
"../../../Quack/Content/StarterContent/Particles/P_Fire.uasset" 1061
"../../../Quack/Content/StarterContent/Blueprints/Blueprint_Effect_Fire.uasset" 1062
"../../../Quack/Content/StarterContent/Audio/Smoke01_Cue.uasset" 1063
"../../../Quack/Content/StarterContent/Particles/P_Smoke.uasset" 1064
"../../../Quack/Content/StarterContent/Blueprints/Blueprint_Effect_Smoke.uasset" 1065
"../../../Quack/Content/StarterContent/Audio/Fire_Sparks01_Cue.uasset" 1066
"../../../Quack/Content/StarterContent/Particles/P_Sparks.uasset" 1067
"../../../Quack/Content/StarterContent/Blueprints/Blueprint_Effect_Sparks.uasset" 1068
"../../../Quack/Content/StarterContent/Audio/Steam01_Cue.uasset" 1069
"../../../Quack/Content/StarterContent/Particles/P_Steam_Lit.uasset" 1070
"../../../Quack/Content/StarterContent/Blueprints/Blueprint_Effect_Steam.uasset" 1071
"../../../Quack/Content/StarterContent/Textures/T_Lamp_M.uasset" 1072
"../../../Quack/Content/StarterContent/Textures/T_Lamp_N.uasset" 1073
"../../../Quack/Content/StarterContent/Props/Materials/M_Lamp.uasset" 1074
"../../../Quack/Content/StarterContent/Props/SM_Lamp_Ceiling.uasset" 1075
"../../../Quack/Content/StarterContent/Blueprints/Blueprint_CeilingLight.uasset" 1076
"../../../Quack/Content/StarterContent/Props/SM_Lamp_Wall.uasset" 1077
"../../../Quack/Content/StarterContent/Blueprints/Blueprint_WallSconce.uasset" 1078
"../../../Engine/Content/Functions/Engine_MaterialFunctions03/Procedurals/ComputeFilterWidth.uasset" 1079
"../../../Engine/Content/EngineMaterials/AntiAliasedTextMaterialTranslucent.uasset" 1080
"../../../Quack/Content/StarterContent/Textures/T_Brick_Clay_Beveled_D.uasset" 1081
"../../../Quack/Content/StarterContent/Textures/T_Brick_Clay_Beveled_M.uasset" 1082
"../../../Quack/Content/StarterContent/Textures/T_Brick_Clay_Beveled_N.uasset" 1083
"../../../Quack/Content/StarterContent/Materials/M_Brick_Clay_Beveled.uasset" 1084
"../../../Quack/Content/StarterContent/Textures/T_Brick_Clay_New_D.uasset" 1085
"../../../Quack/Content/StarterContent/Textures/T_Brick_Clay_New_M.uasset" 1086
"../../../Quack/Content/StarterContent/Textures/T_Brick_Clay_New_N.uasset" 1087
"../../../Quack/Content/StarterContent/Materials/M_Brick_Clay_New.uasset" 1088
"../../../Quack/Content/StarterContent/Textures/T_Brick_Clay_Old_D.uasset" 1089
"../../../Quack/Content/StarterContent/Textures/T_Brick_Clay_Old_N.uasset" 1090
"../../../Quack/Content/StarterContent/Materials/M_Brick_Clay_Old.uasset" 1091
"../../../Quack/Content/StarterContent/Textures/T_Brick_Cut_Stone_D.uasset" 1092
"../../../Quack/Content/StarterContent/Textures/T_Brick_Cut_Stone_N.uasset" 1093
"../../../Quack/Content/StarterContent/Materials/M_Brick_Cut_Stone.uasset" 1094
"../../../Quack/Content/StarterContent/Textures/T_Brick_Hewn_Stone_D.uasset" 1095
"../../../Quack/Content/StarterContent/Textures/T_Brick_Hewn_Stone_M.uasset" 1096
"../../../Quack/Content/StarterContent/Textures/T_Brick_Hewn_Stone_N.uasset" 1097
"../../../Quack/Content/StarterContent/Materials/M_Brick_Hewn_Stone.uasset" 1098
"../../../Quack/Content/StarterContent/Textures/T_Ceramic_Tile_M.uasset" 1099
"../../../Quack/Content/StarterContent/Textures/T_Ceramic_Tile_N.uasset" 1100
"../../../Quack/Content/StarterContent/Textures/T_Rock_Marble_Polished_D.uasset" 1101
"../../../Quack/Content/StarterContent/Materials/M_Ceramic_Tile_Checker.uasset" 1102
"../../../Quack/Content/StarterContent/Textures/T_CobbleStone_Pebble_D.uasset" 1103
"../../../Quack/Content/StarterContent/Textures/T_CobbleStone_Pebble_M.uasset" 1104
"../../../Quack/Content/StarterContent/Textures/T_CobbleStone_Pebble_N.uasset" 1105
"../../../Quack/Content/StarterContent/Materials/M_CobbleStone_Pebble.uasset" 1106
"../../../Quack/Content/StarterContent/Textures/T_CobbleStone_Rough_D.uasset" 1107
"../../../Quack/Content/StarterContent/Textures/T_CobbleStone_Rough_N.uasset" 1108
"../../../Quack/Content/StarterContent/Textures/T_Gradinet_01.uasset" 1109
"../../../Quack/Content/StarterContent/Textures/T_Rock_Smooth_Granite_D.uasset" 1110
"../../../Quack/Content/StarterContent/Materials/M_CobbleStone_Rough.uasset" 1111
"../../../Quack/Content/StarterContent/Textures/T_CobbleStone_Smooth_D.uasset" 1112
"../../../Quack/Content/StarterContent/Textures/T_CobbleStone_Smooth_M.uasset" 1113
"../../../Quack/Content/StarterContent/Textures/T_CobbleStone_Smooth_N.uasset" 1114
"../../../Quack/Content/StarterContent/Materials/M_CobbleStone_Smooth.uasset" 1115
"../../../Quack/Content/StarterContent/Textures/T_Concrete_Grime_D.uasset" 1116
"../../../Quack/Content/StarterContent/Materials/M_Concrete_Grime.uasset" 1117
"../../../Quack/Content/StarterContent/Textures/T_Concrete_Panels_D.uasset" 1118
"../../../Quack/Content/StarterContent/Textures/T_Concrete_Panels_N.uasset" 1119
"../../../Quack/Content/StarterContent/Materials/M_Concrete_Panels.uasset" 1120
"../../../Quack/Content/StarterContent/Textures/T_Concrete_Poured_D.uasset" 1121
"../../../Quack/Content/StarterContent/Textures/T_Concrete_Poured_N.uasset" 1122
"../../../Quack/Content/StarterContent/Materials/M_Concrete_Poured.uasset" 1123
"../../../Quack/Content/StarterContent/Textures/T_Concrete_Tiles_D.uasset" 1124
"../../../Quack/Content/StarterContent/Textures/T_Concrete_Tiles_M.uasset" 1125
"../../../Quack/Content/StarterContent/Textures/T_Concrete_Tiles_N.uasset" 1126
"../../../Quack/Content/StarterContent/Textures/T_Concrete_Tiles_Variation_M.uasset" 1127
"../../../Quack/Content/StarterContent/Materials/M_Concrete_Tiles.uasset" 1128
"../../../Quack/Content/StarterContent/Textures/T_Ground_Grass_D.uasset" 1129
"../../../Quack/Content/StarterContent/Textures/T_Ground_Grass_N.uasset" 1130
"../../../Quack/Content/StarterContent/Materials/M_Ground_Grass.uasset" 1131
"../../../Quack/Content/StarterContent/Textures/T_Ground_Gravel_D.uasset" 1132
"../../../Quack/Content/StarterContent/Textures/T_Ground_Gravel_N.uasset" 1133
"../../../Quack/Content/StarterContent/Materials/M_Ground_Gravel.uasset" 1134
"../../../Quack/Content/StarterContent/Materials/M_Metal_Chrome.uasset" 1135
"../../../Quack/Content/StarterContent/Textures/T_Metal_Gold_D.uasset" 1136
"../../../Quack/Content/StarterContent/Materials/M_Metal_Gold.uasset" 1137
"../../../Quack/Content/StarterContent/Textures/T_Rock_Basalt_N.uasset" 1138
"../../../Quack/Content/StarterContent/Materials/M_Rock_Basalt.uasset" 1139
"../../../Quack/Content/StarterContent/Materials/M_Rock_Marble_Polished.uasset" 1140
"../../../Quack/Content/StarterContent/Textures/T_Rock_Slate_N.uasset" 1141
"../../../Quack/Content/StarterContent/Materials/M_Rock_Slate.uasset" 1142
"../../../Quack/Content/StarterContent/Textures/T_Checker_Noise_M.uasset" 1143
"../../../Quack/Content/StarterContent/Textures/T_Single_Tile_N.uasset" 1144
"../../../Quack/Content/StarterContent/Textures/T_Tech_Dot_M.uasset" 1145
"../../../Quack/Content/StarterContent/Textures/T_Tech_Dot_N.uasset" 1146
"../../../Quack/Content/StarterContent/Materials/M_Tech_Checker_Dot.uasset" 1147
"../../../Quack/Content/StarterContent/Textures/T_Tech_Hex_Tile_M.uasset" 1148
"../../../Quack/Content/StarterContent/Textures/T_Tech_Hex_Tile_N.uasset" 1149
"../../../Quack/Content/StarterContent/Materials/M_Tech_Hex_Tile.uasset" 1150
"../../../Quack/Content/StarterContent/Materials/M_Tech_Hex_Tile_Pulse.uasset" 1151
"../../../Quack/Content/StarterContent/Textures/T_Tech_Panel_M.uasset" 1152
"../../../Quack/Content/StarterContent/Textures/T_Tech_Panel_N.uasset" 1153
"../../../Quack/Content/StarterContent/Materials/M_Tech_Panel.uasset" 1154
"../../../Quack/Content/StarterContent/Materials/M_Water_Lake.uasset" 1155
"../../../Quack/Content/StarterContent/Textures/T_Water_M.uasset" 1156
"../../../Quack/Content/StarterContent/Materials/M_Water_Ocean.uasset" 1157
"../../../Quack/Content/StarterContent/Textures/T_Wood_Floor_Walnut_D.uasset" 1158
"../../../Quack/Content/StarterContent/Textures/T_Wood_Floor_Walnut_M.uasset" 1159
"../../../Quack/Content/StarterContent/Textures/T_Wood_Floor_Walnut_N.uasset" 1160
"../../../Quack/Content/StarterContent/Materials/M_Wood_Floor_Walnut_Polished.uasset" 1161
"../../../Engine/Content/Functions/Engine_MaterialFunctions01/Opacity/AlphaOffset.uasset" 1162
"../../../Quack/Content/StarterContent/Materials/M_Wood_Floor_Walnut_Worn.uasset" 1163
"../../../Quack/Content/StarterContent/Textures/T_Wood_Oak_D.uasset" 1164
"../../../Quack/Content/StarterContent/Textures/T_Wood_Oak_N.uasset" 1165
"../../../Quack/Content/StarterContent/Materials/M_Wood_Oak.uasset" 1166
"../../../Quack/Content/StarterContent/Textures/T_Wood_Pine_D.uasset" 1167
"../../../Quack/Content/StarterContent/Textures/T_Wood_Pine_N.uasset" 1168
"../../../Quack/Content/StarterContent/Materials/M_Wood_Pine.uasset" 1169
"../../../Quack/Content/StarterContent/Textures/T_Wood_Walnut_D.uasset" 1170
"../../../Quack/Content/StarterContent/Textures/T_Wood_Walnut_N.uasset" 1171
"../../../Quack/Content/StarterContent/Materials/M_Wood_Walnut.uasset" 1172
"../../../Quack/Content/StarterContent/Architecture/Wall_400x200.uasset" 1173
"../../../Quack/Content/StarterContent/Architecture/Wall_Door_400x300.uasset" 1174
"../../../Quack/Content/StarterContent/Architecture/Wall_Window_400x300.uasset" 1175
"../../../Quack/Content/StarterContent/Audio/Collapse_Cue.uasset" 1176
"../../../Quack/Content/StarterContent/Audio/Starter_Music_Cue.uasset" 1177
"../../../Quack/Content/StarterContent/Textures/T_Dust_Particle_D.uasset" 1178
"../../../Quack/Content/StarterContent/Particles/Materials/M_Dust_Particle.uasset" 1179
"../../../Quack/Content/StarterContent/Particles/P_Ambient_Dust.uasset" 1180
"../../../Quack/Content/StarterContent/Textures/T_Frame_M.uasset" 1181
"../../../Quack/Content/StarterContent/Textures/T_Frame_N.uasset" 1182
"../../../Quack/Content/StarterContent/Props/Materials/M_Frame.uasset" 1183
"../../../Quack/Content/StarterContent/Props/SM_CornerFrame.uasset" 1184
"../../../Quack/Content/StarterContent/Props/SM_DoorFrame.uasset" 1185
"../../../Quack/Content/StarterContent/Props/SM_GlassWindow.uasset" 1186
"../../../Quack/Content/StarterContent/Props/SM_PillarFrame.uasset" 1187
"../../../Quack/Content/StarterContent/Props/SM_PillarFrame300.uasset" 1188
"../../../Quack/Content/StarterContent/Props/SM_WindowFrame.uasset" 1189
"../../../Quack/Content/StarterContent/Shapes/Shape_Cube.uasset" 1190
"../../../Quack/Content/StarterContent/Shapes/Shape_QuadPyramid.uasset" 1191
"../../../Quack/Content/StarterContent/Maps/StarterMap.umap" 1192
"../../../Quack/Content/InfinityBladeAdversaries/Enemy/Enemy_Bear/Enemy_Bear_Animations/ExoGame_Bears_Attack_Death.uasset" 1193
"../../../Quack/Content/InfinityBladeAdversaries/Enemy/Enemy_Bear/Enemy_Bear_Animations/ExoGame_Bears_Drop_Down.uasset" 1194
"../../../Quack/Content/InfinityBladeAdversaries/Enemy/Enemy_Bear/Enemy_Bear_Animations/ExoGame_Bears_Idle.uasset" 1195
"../../../Quack/Content/InfinityBladeAdversaries/Enemy/Enemy_Bear/Enemy_Bear_Animations/ExoGame_Bears_Throw.uasset" 1196
"../../../Quack/Content/InfinityBladeAdversaries/Enemy/Enemy_Bear/Enemy_Bear_Animations/ExoGame_Bears_Walk.uasset" 1197
"../../../Quack/Content/InfinityBladeAdversaries/Enemy/Enemy_Bear/Enemy_Bear_Animations/BearAnimBP.uasset" 1198
"../../../Quack/Content/InfinityBladeAdversaries/Enemy/Enemy_Bear/Enemy_Bear_Animations/ExoGame_Bears_Attack_Death_Montage.uasset" 1199
"../../../Quack/Content/InfinityBladeAdversaries/Enemy/Enemy_Bear/Enemy_Bear_Animations/ExoGame_Bears_Attack_Melee_B.uasset" 1200
"../../../Quack/Content/InfinityBladeAdversaries/Enemy/Enemy_Bear/Enemy_Bear_Animations/ExoGame_Bears_Attack_Melee_B_Montage.uasset" 1201
"../../../Quack/Content/InfinityBladeAdversaries/Enemy/Enemy_Bear/Enemy_Bear_Animations/ExoGame_Bears_Attack_Melee_C.uasset" 1202
"../../../Quack/Content/InfinityBladeAdversaries/Enemy/Enemy_Bear/Enemy_Bear_Animations/ExoGame_Bears_Attack_Melee_C_Montage.uasset" 1203
"../../../Quack/Content/InfinityBladeAdversaries/Enemy/Enemy_Bear/Enemy_Bear_Animations/ExoGame_Bears_Attack_Melee.uasset" 1204
"../../../Quack/Content/InfinityBladeAdversaries/Enemy/Enemy_Bear/Enemy_Bear_Animations/ExoGame_Bears_Attack_Melee_Montage.uasset" 1205
"../../../Quack/Content/InfinityBladeAdversaries/Enemy/Enemy_Bear/Materials/M_Bear_Stone_Inst.uasset" 1206
"../../../Quack/Content/InfinityBladeAdversaries/Enemy/Enemy_Bear/Enemy_Bear.uasset" 1207
"../../../Quack/Content/QuackAI/MyQuackAIChargePawn.uasset" 1208
"../../../Quack/Content/InfinityBladeAdversaries/Enemy/Enemy_Gruntling/Enemy_Gruntling_Animation/ExoGame_Gruntling_Aggro_A.uasset" 1209
"../../../Quack/Content/InfinityBladeAdversaries/Enemy/Enemy_Gruntling/Enemy_Gruntling_Animation/ExoGame_Gruntling_Cast.uasset" 1210
"../../../Quack/Content/InfinityBladeAdversaries/Enemy/Enemy_Gruntling/Enemy_Gruntling_Animation/ExoGame_Gruntling_Death_WeaponInHand.uasset" 1211
"../../../Quack/Content/InfinityBladeAdversaries/Enemy/Enemy_Gruntling/Enemy_Gruntling_Animation/ExoGame_Gruntling_On_Fire.uasset" 1212
"../../../Quack/Content/InfinityBladeAdversaries/Enemy/Enemy_Gruntling/Enemy_Gruntling_Animation/ExoGame_Gruntling_Walk_Slow.uasset" 1213
"../../../Quack/Content/InfinityBladeAdversaries/Enemy/Enemy_Gruntling/Enemy_Gruntling_Animation/HealingAIBP.uasset" 1214
"../../../Quack/Content/QuackAI/QuackHealingBB.uasset" 1215
"../../../Quack/Content/QuackAI/QuackHealingBT.uasset" 1216
"../../../Quack/Content/QuackAI/MyQuackAIHealPawn.uasset" 1217
"../../../Quack/Content/QuackAI/QuackChargingBB.uasset" 1218
"../../../Quack/Content/QuackAI/QuackChargingBT.uasset" 1219
"../../../Quack/Content/HarrysModels/Needle/phongE2.uasset" 1220
"../../../Quack/Content/HarrysModels/Needle/Needle_high-F.uasset" 1221
"../../../Quack/Content/BlueprintExtensions/BP_NeedlePickup.uasset" 1222
"../../../Quack/Content/Maps/EdsTesting.umap" 1223
